#
# There is insufficient memory for the Java Runtime Environment to continue.
# Native memory allocation (malloc) failed to allocate 2097152 bytes. Error detail: AllocateHeap
# Possible reasons:
#   The system is out of physical RAM or swap space
#   This process is running with CompressedOops enabled, and the Java Heap may be blocking the growth of the native heap
# Possible solutions:
#   Reduce memory load on the system
#   Increase physical memory or swap space
#   Check if swap backing store is full
#   Decrease Java heap size (-Xmx/-Xms)
#   Decrease number of Java threads
#   Decrease Java thread stack sizes (-Xss)
#   Set larger code cache with -XX:ReservedCodeCacheSize=
#   JVM is running with Unscaled Compressed Oops mode in which the Java heap is
#     placed in the first 4GB address space. The Java Heap base address is the
#     maximum limit for the native heap growth. Please use -XX:HeapBaseMinAddress
#     to set the Java Heap base and to place the Java Heap above 4GB virtual address.
# This output file may be truncated or incomplete.
#
#  Out of Memory Error (allocation.cpp:44), pid=4932, tid=10640
#
# JRE version: OpenJDK Runtime Environment Temurin-21.0.7+6 (21.0.7+6) (build 21.0.7+6-LTS)
# Java VM: OpenJDK 64-Bit Server VM Temurin-21.0.7+6 (21.0.7+6-LTS, mixed mode, emulated-client, sharing, tiered, compressed oops, compressed class ptrs, g1 gc, windows-amd64)
# No core dump will be written. Minidumps are not enabled by default on client versions of Windows
#

---------------  S U M M A R Y ------------

Command Line: -Xmx1024m -Dsts.lsp.client=vscode -Dsts.log.file=/dev/null -XX:TieredStopAtLevel=1 -Xlog:jni+resolve=off -Dspring.config.location=file:c:\Users\MyBook Hype AMD\.vscode\extensions\vmware.vscode-spring-boot-1.56.0\language-server\BOOT-INF\classes\application.properties org.springframework.ide.vscode.boot.app.BootLanguageServerBootApp

Host: AMD Ryzen 5 5500U with Radeon Graphics         , 12 cores, 7G,  Windows 11 , 64 bit Build 22621 (10.0.22621.5262)
Time: Wed Jun 18 14:19:59 2025 SE Asia Standard Time elapsed time: 62129.149374 seconds (0d 17h 15m 29s)

---------------  T H R E A D  ---------------

Current thread (0x00000209108ae7a0):  VMThread "VM Thread"          [id=10640, stack(0x000000eef9800000,0x000000eef9900000) (1024K)]

Stack: [0x000000eef9800000,0x000000eef9900000]
Native frames: (J=compiled Java code, j=interpreted, Vv=VM code, C=native code)
V  [jvm.dll+0x6ce119]
V  [jvm.dll+0x8a84a1]
V  [jvm.dll+0x8aa9ce]
V  [jvm.dll+0x8ab0b3]
V  [jvm.dll+0x27f8a6]
V  [jvm.dll+0xbfba7]
V  [jvm.dll+0x3468fe]
V  [jvm.dll+0x34127e]
V  [jvm.dll+0x329b78]
V  [jvm.dll+0x36be04]
V  [jvm.dll+0x8b0dcf]
V  [jvm.dll+0x8b2154]
V  [jvm.dll+0x8b2690]
V  [jvm.dll+0x8b2933]
V  [jvm.dll+0x851f6b]
V  [jvm.dll+0x6cc7dd]
C  [ucrtbase.dll+0x29333]
C  [KERNEL32.DLL+0x1259d]
C  [ntdll.dll+0x5af58]

VM_Operation (0x000000eefb1feb30): G1CollectFull, mode: safepoint, requested by thread 0x00000209574637e0


---------------  P R O C E S S  ---------------

Threads class SMR info:
_java_thread_list=0x00000209587fa070, length=31, elements={
0x00000209108c8590, 0x00000209108c92a0, 0x00000209108cc980, 0x00000209108cf550,
0x00000209108d0740, 0x00000209108d1a60, 0x00000209108d4d90, 0x0000020910a6dc70,
0x0000020910a75d90, 0x00000209576efe80, 0x00000209574637e0, 0x0000020957335310,
0x0000020906367080, 0x00000209565ef950, 0x0000020957b8a600, 0x00000209577ce510,
0x0000020957bf7030, 0x0000020957c18700, 0x0000020957c18d90, 0x0000020957c18070,
0x0000020957c1b4f0, 0x0000020957cb0ba0, 0x0000020957cb25e0, 0x0000020957cb4020,
0x0000020957cb4d40, 0x0000020957caf160, 0x0000020957cb53d0, 0x0000020957cb18c0,
0x0000020957cae440, 0x0000020957cb1f50, 0x0000020957cb1230
}

Java Threads: ( => current thread )
  0x00000209108c8590 JavaThread "Reference Handler"          daemon [_thread_blocked, id=9404, stack(0x000000eef9900000,0x000000eef9a00000) (1024K)]
  0x00000209108c92a0 JavaThread "Finalizer"                  daemon [_thread_blocked, id=6344, stack(0x000000eef9a00000,0x000000eef9b00000) (1024K)]
  0x00000209108cc980 JavaThread "Signal Dispatcher"          daemon [_thread_blocked, id=4740, stack(0x000000eef9b00000,0x000000eef9c00000) (1024K)]
  0x00000209108cf550 JavaThread "Attach Listener"            daemon [_thread_blocked, id=9104, stack(0x000000eef9c00000,0x000000eef9d00000) (1024K)]
  0x00000209108d0740 JavaThread "Service Thread"             daemon [_thread_blocked, id=9240, stack(0x000000eef9d00000,0x000000eef9e00000) (1024K)]
  0x00000209108d1a60 JavaThread "Monitor Deflation Thread"   daemon [_thread_blocked, id=5448, stack(0x000000eef9e00000,0x000000eef9f00000) (1024K)]
  0x00000209108d4d90 JavaThread "C1 CompilerThread0"         daemon [_thread_blocked, id=8780, stack(0x000000eef9f00000,0x000000eefa000000) (1024K)]
  0x0000020910a6dc70 JavaThread "Notification Thread"        daemon [_thread_blocked, id=1736, stack(0x000000eefa100000,0x000000eefa200000) (1024K)]
  0x0000020910a75d90 JavaThread "Common-Cleaner"             daemon [_thread_blocked, id=14084, stack(0x000000eefa200000,0x000000eefa300000) (1024K)]
  0x00000209576efe80 JavaThread "boundedElastic-evictor-1"   daemon [_thread_blocked, id=1088, stack(0x000000eefb000000,0x000000eefb100000) (1024K)]
  0x00000209574637e0 JavaThread "pool-12-thread-1"                  [_thread_blocked, id=6628, stack(0x000000eefb100000,0x000000eefb200000) (1024K)]
  0x0000020957335310 JavaThread "LanguageServerApp-lifecycle"        [_thread_blocked, id=10488, stack(0x000000eefb200000,0x000000eefb300000) (1024K)]
  0x0000020906367080 JavaThread "DestroyJavaVM"                     [_thread_blocked, id=7236, stack(0x000000eef9100000,0x000000eef9200000) (1024K)]
  0x00000209565ef950 JavaThread "pool-13-thread-1"                  [_thread_in_native, id=4688, stack(0x000000eefb300000,0x000000eefb400000) (1024K)]
  0x0000020957b8a600 JavaThread "Simple-Language-Server main thread" daemon [_thread_blocked, id=1696, stack(0x000000eefb400000,0x000000eefb500000) (1024K)]
  0x00000209577ce510 JavaThread "pool-7-thread-1"                   [_thread_blocked, id=9460, stack(0x000000eefb700000,0x000000eefb800000) (1024K)]
  0x0000020957bf7030 JavaThread "parallel-1"                 daemon [_thread_blocked, id=7988, stack(0x000000eefb800000,0x000000eefb900000) (1024K)]
  0x0000020957c18700 JavaThread "pool-5-thread-1"                   [_thread_blocked, id=5624, stack(0x000000eefb900000,0x000000eefba00000) (1024K)]
  0x0000020957c18d90 JavaThread "parallel-2"                 daemon [_thread_blocked, id=5884, stack(0x000000eefba00000,0x000000eefbb00000) (1024K)]
  0x0000020957c18070 JavaThread "parallel-3"                 daemon [_thread_blocked, id=9828, stack(0x000000eefbb00000,0x000000eefbc00000) (1024K)]
  0x0000020957c1b4f0 JavaThread "parallel-4"                 daemon [_thread_blocked, id=16044, stack(0x000000eefc100000,0x000000eefc200000) (1024K)]
  0x0000020957cb0ba0 JavaThread "parallel-5"                 daemon [_thread_blocked, id=15452, stack(0x000000eefc200000,0x000000eefc300000) (1024K)]
  0x0000020957cb25e0 JavaThread "Reconciler-1"               daemon [_thread_blocked, id=11828, stack(0x000000eefc300000,0x000000eefc400000) (1024K)]
  0x0000020957cb4020 JavaThread "parallel-6"                 daemon [_thread_blocked, id=15836, stack(0x000000eef8f00000,0x000000eef9000000) (1024K)]
  0x0000020957cb4d40 JavaThread "parallel-7"                 daemon [_thread_blocked, id=15928, stack(0x000000eefaf00000,0x000000eefb000000) (1024K)]
  0x0000020957caf160 JavaThread "parallel-8"                 daemon [_thread_blocked, id=15704, stack(0x000000eefb600000,0x000000eefb700000) (1024K)]
  0x0000020957cb53d0 JavaThread "parallel-9"                 daemon [_thread_blocked, id=10992, stack(0x000000eefb500000,0x000000eefb600000) (1024K)]
  0x0000020957cb18c0 JavaThread "parallel-10"                daemon [_thread_blocked, id=2860, stack(0x000000eefa000000,0x000000eefa100000) (1024K)]
  0x0000020957cae440 JavaThread "parallel-11"                daemon [_thread_blocked, id=11908, stack(0x000000eefae00000,0x000000eefaf00000) (1024K)]
  0x0000020957cb1f50 JavaThread "parallel-12"                daemon [_thread_blocked, id=12120, stack(0x000000eefbc00000,0x000000eefbd00000) (1024K)]
  0x0000020957cb1230 JavaThread "CompletableFutureDelayScheduler" daemon [_thread_blocked, id=14760, stack(0x000000eefc900000,0x000000eefca00000) (1024K)]
Total: 31

Other Threads:
=>0x00000209108ae7a0 VMThread "VM Thread"                           [id=10640, stack(0x000000eef9800000,0x000000eef9900000) (1024K)]
  0x0000020910899d30 WatcherThread "VM Periodic Task Thread"        [id=15648, stack(0x000000eef9700000,0x000000eef9800000) (1024K)]
  0x00000209063a0b50 WorkerThread "GC Thread#0"                     [id=14112, stack(0x000000eef9200000,0x000000eef9300000) (1024K)]
  0x0000020956755180 WorkerThread "GC Thread#1"                     [id=5404, stack(0x000000eefa300000,0x000000eefa400000) (1024K)]
  0x0000020956563560 WorkerThread "GC Thread#2"                     [id=9492, stack(0x000000eefa400000,0x000000eefa500000) (1024K)]
  0x0000020956563900 WorkerThread "GC Thread#3"                     [id=5144, stack(0x000000eefa500000,0x000000eefa600000) (1024K)]
  0x00000209569a70a0 WorkerThread "GC Thread#4"                     [id=9496, stack(0x000000eefa600000,0x000000eefa700000) (1024K)]
  0x00000209569c0d10 WorkerThread "GC Thread#5"                     [id=6380, stack(0x000000eefa700000,0x000000eefa800000) (1024K)]
  0x00000209569c2120 WorkerThread "GC Thread#6"                     [id=7320, stack(0x000000eefa800000,0x000000eefa900000) (1024K)]
  0x0000020956dc67b0 WorkerThread "GC Thread#7"                     [id=6540, stack(0x000000eefaa00000,0x000000eefab00000) (1024K)]
  0x0000020956dc79d0 WorkerThread "GC Thread#8"                     [id=11480, stack(0x000000eefab00000,0x000000eefac00000) (1024K)]
  0x0000020956dc6b50 WorkerThread "GC Thread#9"                     [id=2680, stack(0x000000eefac00000,0x000000eefad00000) (1024K)]
  0x00000209063a9a40 ConcurrentGCThread "G1 Main Marker"            [id=6096, stack(0x000000eef9300000,0x000000eef9400000) (1024K)]
  0x00000209063aa450 WorkerThread "G1 Conc#0"                       [id=7012, stack(0x000000eef9400000,0x000000eef9500000) (1024K)]
  0x0000020956dc6070 WorkerThread "G1 Conc#1"                       [id=10792, stack(0x000000eefa900000,0x000000eefaa00000) (1024K)]
  0x0000020956dc7290 WorkerThread "G1 Conc#2"                       [id=15856, stack(0x000000eefad00000,0x000000eefae00000) (1024K)]
  0x000002090641e520 ConcurrentGCThread "G1 Refine#0"               [id=9984, stack(0x000000eef9500000,0x000000eef9600000) (1024K)]
  0x000002091076d150 ConcurrentGCThread "G1 Service"                [id=8000, stack(0x000000eef9600000,0x000000eef9700000) (1024K)]
Total: 18

Threads with active compile tasks:
Total: 0

VM state: at safepoint (normal execution)

VM Mutex/Monitor currently owned by a thread:  ([mutex/lock_event])
[0x00007ffbd904e308] Threads_lock - owner thread: 0x00000209108ae7a0
[0x00007ffbd904e408] Heap_lock - owner thread: 0x00000209574637e0

Heap address: 0x00000000c0000000, size: 1024 MB, Compressed Oops mode: 32-bit

CDS archive(s) mapped at: [0x0000020911000000-0x0000020911ba0000-0x0000020911ba0000), size 12189696, SharedBaseAddress: 0x0000020911000000, ArchiveRelocationMode: 1.
Compressed class space mapped at: 0x0000020912000000-0x0000020952000000, reserved size: 1073741824
Narrow klass base: 0x0000020911000000, Narrow klass shift: 0, Narrow klass range: 0x100000000

GC Precious Log:
 CardTable entry size: 512
 Card Set container configuration: InlinePtr #cards 5 size 8 Array Of Cards #cards 12 size 40 Howl #buckets 4 coarsen threshold 1843 Howl Bitmap #cards 512 size 80 coarsen threshold 460 Card regions per heap region 1 cards per card region 2048
 CPUs: 12 total, 12 available
 Memory: 7560M
 Large Page Support: Disabled
 NUMA Support: Disabled
 Compressed Oops: Enabled (32-bit)
 Heap Region Size: 1M
 Heap Min Capacity: 8M
 Heap Initial Capacity: 120M
 Heap Max Capacity: 1G
 Pre-touch: Disabled
 Parallel Workers: 10
 Concurrent Workers: 3
 Concurrent Refinement Workers: 10
 Periodic GC: Disabled

Heap:
 garbage-first heap   total 100352K, used 42887K [0x00000000c0000000, 0x0000000100000000)
  region size 1024K, 1 young (1024K), 0 survivors (0K)
 Metaspace       used 56581K, committed 57344K, reserved 1114112K
  class space    used 6998K, committed 7360K, reserved 1048576K

Heap Regions: E=young(eden), S=young(survivor), O=old, HS=humongous(starts), HC=humongous(continues), CS=collection set, F=free, TAMS=top-at-mark-start, PB=parsable bottom
|   0|0x00000000c0000000, 0x00000000c0100000, 0x00000000c0100000|100%|HS|  |TAMS 0x00000000c0000000| PB 0x00000000c0000000| Untracked 
|   1|0x00000000c0100000, 0x00000000c0200000, 0x00000000c0200000|100%|HC|  |TAMS 0x00000000c0100000| PB 0x00000000c0100000| Untracked 
|   2|0x00000000c0200000, 0x00000000c0300000, 0x00000000c0300000|100%|HC|  |TAMS 0x00000000c0200000| PB 0x00000000c0200000| Untracked 
|   3|0x00000000c0300000, 0x00000000c0400000, 0x00000000c0400000|100%|HC|  |TAMS 0x00000000c0300000| PB 0x00000000c0300000| Untracked 
|   4|0x00000000c0400000, 0x00000000c0500000, 0x00000000c0500000|100%|HS|  |TAMS 0x00000000c0400000| PB 0x00000000c0400000| Untracked 
|   5|0x00000000c0500000, 0x00000000c0600000, 0x00000000c0600000|100%|HC|  |TAMS 0x00000000c0500000| PB 0x00000000c0500000| Untracked 
|   6|0x00000000c0600000, 0x00000000c06fffa0, 0x00000000c0700000| 99%| O|  |TAMS 0x00000000c0600000| PB 0x00000000c0600000| Untracked 
|   7|0x00000000c0700000, 0x00000000c0800000, 0x00000000c0800000|100%| O|  |TAMS 0x00000000c0700000| PB 0x00000000c0700000| Untracked 
|   8|0x00000000c0800000, 0x00000000c08f5c38, 0x00000000c0900000| 96%| O|  |TAMS 0x00000000c0800000| PB 0x00000000c0800000| Untracked 
|   9|0x00000000c0900000, 0x00000000c0a00000, 0x00000000c0a00000|100%| O|  |TAMS 0x00000000c0900000| PB 0x00000000c0900000| Untracked 
|  10|0x00000000c0a00000, 0x00000000c0b00000, 0x00000000c0b00000|100%| O|  |TAMS 0x00000000c0a00000| PB 0x00000000c0a00000| Untracked 
|  11|0x00000000c0b00000, 0x00000000c0c00000, 0x00000000c0c00000|100%| O|  |TAMS 0x00000000c0b00000| PB 0x00000000c0b00000| Untracked 
|  12|0x00000000c0c00000, 0x00000000c0cffff0, 0x00000000c0d00000| 99%| O|  |TAMS 0x00000000c0c00000| PB 0x00000000c0c00000| Untracked 
|  13|0x00000000c0d00000, 0x00000000c0dffff8, 0x00000000c0e00000| 99%| O|  |TAMS 0x00000000c0d00000| PB 0x00000000c0d00000| Untracked 
|  14|0x00000000c0e00000, 0x00000000c0f00000, 0x00000000c0f00000|100%| O|  |TAMS 0x00000000c0e00000| PB 0x00000000c0e00000| Untracked 
|  15|0x00000000c0f00000, 0x00000000c0ffffd8, 0x00000000c1000000| 99%| O|  |TAMS 0x00000000c0f00000| PB 0x00000000c0f00000| Untracked 
|  16|0x00000000c1000000, 0x00000000c10fffe0, 0x00000000c1100000| 99%| O|  |TAMS 0x00000000c1000000| PB 0x00000000c1000000| Untracked 
|  17|0x00000000c1100000, 0x00000000c1200000, 0x00000000c1200000|100%|HS|  |TAMS 0x00000000c1100000| PB 0x00000000c1100000| Untracked 
|  18|0x00000000c1200000, 0x00000000c12ffff8, 0x00000000c1300000| 99%| O|  |TAMS 0x00000000c1200000| PB 0x00000000c1200000| Untracked 
|  19|0x00000000c1300000, 0x00000000c13ffff8, 0x00000000c1400000| 99%| O|  |TAMS 0x00000000c1300000| PB 0x00000000c1300000| Untracked 
|  20|0x00000000c1400000, 0x00000000c14fffd0, 0x00000000c1500000| 99%| O|  |TAMS 0x00000000c1400000| PB 0x00000000c1400000| Untracked 
|  21|0x00000000c1500000, 0x00000000c15fffd8, 0x00000000c1600000| 99%| O|  |TAMS 0x00000000c1500000| PB 0x00000000c1500000| Untracked 
|  22|0x00000000c1600000, 0x00000000c16ffff8, 0x00000000c1700000| 99%| O|  |TAMS 0x00000000c1600000| PB 0x00000000c1600000| Untracked 
|  23|0x00000000c1700000, 0x00000000c1800000, 0x00000000c1800000|100%| O|  |TAMS 0x00000000c1700000| PB 0x00000000c1700000| Untracked 
|  24|0x00000000c1800000, 0x00000000c18ffff0, 0x00000000c1900000| 99%| O|  |TAMS 0x00000000c1800000| PB 0x00000000c1800000| Untracked 
|  25|0x00000000c1900000, 0x00000000c1a00000, 0x00000000c1a00000|100%|HS|  |TAMS 0x00000000c1900000| PB 0x00000000c1900000| Untracked 
|  26|0x00000000c1a00000, 0x00000000c1af83d8, 0x00000000c1b00000| 96%| O|  |TAMS 0x00000000c1a00000| PB 0x00000000c1a00000| Untracked 
|  27|0x00000000c1b00000, 0x00000000c1bfffc8, 0x00000000c1c00000| 99%| O|  |TAMS 0x00000000c1b00000| PB 0x00000000c1b00000| Untracked 
|  28|0x00000000c1c00000, 0x00000000c1cfeaa0, 0x00000000c1d00000| 99%| O|  |TAMS 0x00000000c1c00000| PB 0x00000000c1c00000| Untracked 
|  29|0x00000000c1d00000, 0x00000000c1dffff8, 0x00000000c1e00000| 99%| O|  |TAMS 0x00000000c1d00000| PB 0x00000000c1d00000| Untracked 
|  30|0x00000000c1e00000, 0x00000000c1effff0, 0x00000000c1f00000| 99%| O|  |TAMS 0x00000000c1e00000| PB 0x00000000c1e00000| Untracked 
|  31|0x00000000c1f00000, 0x00000000c1ffffd0, 0x00000000c2000000| 99%| O|  |TAMS 0x00000000c1f00000| PB 0x00000000c1f00000| Untracked 
|  32|0x00000000c2000000, 0x00000000c20fffe8, 0x00000000c2100000| 99%| O|  |TAMS 0x00000000c2000000| PB 0x00000000c2000000| Untracked 
|  33|0x00000000c2100000, 0x00000000c21fffd8, 0x00000000c2200000| 99%| O|  |TAMS 0x00000000c2100000| PB 0x00000000c2100000| Untracked 
|  34|0x00000000c2200000, 0x00000000c22f4fa0, 0x00000000c2300000| 95%| O|  |TAMS 0x00000000c2200000| PB 0x00000000c2200000| Untracked 
|  35|0x00000000c2300000, 0x00000000c23ffff8, 0x00000000c2400000| 99%| O|  |TAMS 0x00000000c2300000| PB 0x00000000c2300000| Untracked 
|  36|0x00000000c2400000, 0x00000000c24fffe0, 0x00000000c2500000| 99%| O|  |TAMS 0x00000000c2400000| PB 0x00000000c2400000| Untracked 
|  37|0x00000000c2500000, 0x00000000c25fff98, 0x00000000c2600000| 99%| O|  |TAMS 0x00000000c2500000| PB 0x00000000c2500000| Untracked 
|  38|0x00000000c2600000, 0x00000000c26fffe0, 0x00000000c2700000| 99%| O|  |TAMS 0x00000000c2600000| PB 0x00000000c2600000| Untracked 
|  39|0x00000000c2700000, 0x00000000c27fffc0, 0x00000000c2800000| 99%| O|  |TAMS 0x00000000c2700000| PB 0x00000000c2700000| Untracked 
|  40|0x00000000c2800000, 0x00000000c28fffe8, 0x00000000c2900000| 99%| O|  |TAMS 0x00000000c2800000| PB 0x00000000c2800000| Untracked 
|  41|0x00000000c2900000, 0x00000000c29981c8, 0x00000000c2a00000| 59%| O|  |TAMS 0x00000000c2900000| PB 0x00000000c2900000| Untracked 
|  42|0x00000000c2a00000, 0x00000000c2a683c8, 0x00000000c2b00000| 40%| O|  |TAMS 0x00000000c2a00000| PB 0x00000000c2a00000| Untracked 
|  43|0x00000000c2b00000, 0x00000000c2b00000, 0x00000000c2c00000|  0%| F|  |TAMS 0x00000000c2b00000| PB 0x00000000c2b00000| Untracked 
|  44|0x00000000c2c00000, 0x00000000c2c00000, 0x00000000c2d00000|  0%| F|  |TAMS 0x00000000c2c00000| PB 0x00000000c2c00000| Untracked 
|  45|0x00000000c2d00000, 0x00000000c2d00000, 0x00000000c2e00000|  0%| F|  |TAMS 0x00000000c2d00000| PB 0x00000000c2d00000| Untracked 
|  46|0x00000000c2e00000, 0x00000000c2e00000, 0x00000000c2f00000|  0%| F|  |TAMS 0x00000000c2e00000| PB 0x00000000c2e00000| Untracked 
|  47|0x00000000c2f00000, 0x00000000c2f00000, 0x00000000c3000000|  0%| F|  |TAMS 0x00000000c2f00000| PB 0x00000000c2f00000| Untracked 
|  48|0x00000000c3000000, 0x00000000c3000000, 0x00000000c3100000|  0%| F|  |TAMS 0x00000000c3000000| PB 0x00000000c3000000| Untracked 
|  49|0x00000000c3100000, 0x00000000c3100000, 0x00000000c3200000|  0%| F|  |TAMS 0x00000000c3100000| PB 0x00000000c3100000| Untracked 
|  50|0x00000000c3200000, 0x00000000c3200000, 0x00000000c3300000|  0%| F|  |TAMS 0x00000000c3200000| PB 0x00000000c3200000| Untracked 
|  51|0x00000000c3300000, 0x00000000c3300000, 0x00000000c3400000|  0%| F|  |TAMS 0x00000000c3300000| PB 0x00000000c3300000| Untracked 
|  52|0x00000000c3400000, 0x00000000c3400000, 0x00000000c3500000|  0%| F|  |TAMS 0x00000000c3400000| PB 0x00000000c3400000| Untracked 
|  53|0x00000000c3500000, 0x00000000c3500000, 0x00000000c3600000|  0%| F|  |TAMS 0x00000000c3500000| PB 0x00000000c3500000| Untracked 
|  54|0x00000000c3600000, 0x00000000c3600000, 0x00000000c3700000|  0%| F|  |TAMS 0x00000000c3600000| PB 0x00000000c3600000| Untracked 
|  55|0x00000000c3700000, 0x00000000c3700000, 0x00000000c3800000|  0%| F|  |TAMS 0x00000000c3700000| PB 0x00000000c3700000| Untracked 
|  56|0x00000000c3800000, 0x00000000c3800000, 0x00000000c3900000|  0%| F|  |TAMS 0x00000000c3800000| PB 0x00000000c3800000| Untracked 
|  57|0x00000000c3900000, 0x00000000c3900000, 0x00000000c3a00000|  0%| F|  |TAMS 0x00000000c3900000| PB 0x00000000c3900000| Untracked 
|  58|0x00000000c3a00000, 0x00000000c3a00000, 0x00000000c3b00000|  0%| F|  |TAMS 0x00000000c3a00000| PB 0x00000000c3a00000| Untracked 
|  59|0x00000000c3b00000, 0x00000000c3b00000, 0x00000000c3c00000|  0%| F|  |TAMS 0x00000000c3b00000| PB 0x00000000c3b00000| Untracked 
|  60|0x00000000c3c00000, 0x00000000c3c00000, 0x00000000c3d00000|  0%| F|  |TAMS 0x00000000c3c00000| PB 0x00000000c3c00000| Untracked 
|  61|0x00000000c3d00000, 0x00000000c3d00000, 0x00000000c3e00000|  0%| F|  |TAMS 0x00000000c3d00000| PB 0x00000000c3d00000| Untracked 
|  62|0x00000000c3e00000, 0x00000000c3e00000, 0x00000000c3f00000|  0%| F|  |TAMS 0x00000000c3e00000| PB 0x00000000c3e00000| Untracked 
|  63|0x00000000c3f00000, 0x00000000c3f00000, 0x00000000c4000000|  0%| F|  |TAMS 0x00000000c3f00000| PB 0x00000000c3f00000| Untracked 
|  64|0x00000000c4000000, 0x00000000c4000000, 0x00000000c4100000|  0%| F|  |TAMS 0x00000000c4000000| PB 0x00000000c4000000| Untracked 
|  65|0x00000000c4100000, 0x00000000c4100000, 0x00000000c4200000|  0%| F|  |TAMS 0x00000000c4100000| PB 0x00000000c4100000| Untracked 
|  66|0x00000000c4200000, 0x00000000c4200000, 0x00000000c4300000|  0%| F|  |TAMS 0x00000000c4200000| PB 0x00000000c4200000| Untracked 
|  67|0x00000000c4300000, 0x00000000c4300000, 0x00000000c4400000|  0%| F|  |TAMS 0x00000000c4300000| PB 0x00000000c4300000| Untracked 
|  68|0x00000000c4400000, 0x00000000c4400000, 0x00000000c4500000|  0%| F|  |TAMS 0x00000000c4400000| PB 0x00000000c4400000| Untracked 
|  69|0x00000000c4500000, 0x00000000c4500000, 0x00000000c4600000|  0%| F|  |TAMS 0x00000000c4500000| PB 0x00000000c4500000| Untracked 
|  70|0x00000000c4600000, 0x00000000c4600000, 0x00000000c4700000|  0%| F|  |TAMS 0x00000000c4600000| PB 0x00000000c4600000| Untracked 
|  71|0x00000000c4700000, 0x00000000c4700000, 0x00000000c4800000|  0%| F|  |TAMS 0x00000000c4700000| PB 0x00000000c4700000| Untracked 
|  72|0x00000000c4800000, 0x00000000c4800000, 0x00000000c4900000|  0%| F|  |TAMS 0x00000000c4800000| PB 0x00000000c4800000| Untracked 
|  73|0x00000000c4900000, 0x00000000c4900000, 0x00000000c4a00000|  0%| F|  |TAMS 0x00000000c4900000| PB 0x00000000c4900000| Untracked 
|  74|0x00000000c4a00000, 0x00000000c4a00000, 0x00000000c4b00000|  0%| F|  |TAMS 0x00000000c4a00000| PB 0x00000000c4a00000| Untracked 
|  75|0x00000000c4b00000, 0x00000000c4b00000, 0x00000000c4c00000|  0%| F|  |TAMS 0x00000000c4b00000| PB 0x00000000c4b00000| Untracked 
|  76|0x00000000c4c00000, 0x00000000c4c00000, 0x00000000c4d00000|  0%| F|  |TAMS 0x00000000c4c00000| PB 0x00000000c4c00000| Untracked 
|  77|0x00000000c4d00000, 0x00000000c4d00000, 0x00000000c4e00000|  0%| F|  |TAMS 0x00000000c4d00000| PB 0x00000000c4d00000| Untracked 
|  78|0x00000000c4e00000, 0x00000000c4e00000, 0x00000000c4f00000|  0%| F|  |TAMS 0x00000000c4e00000| PB 0x00000000c4e00000| Untracked 
|  79|0x00000000c4f00000, 0x00000000c4f00000, 0x00000000c5000000|  0%| F|  |TAMS 0x00000000c4f00000| PB 0x00000000c4f00000| Untracked 
|  80|0x00000000c5000000, 0x00000000c5000000, 0x00000000c5100000|  0%| F|  |TAMS 0x00000000c5000000| PB 0x00000000c5000000| Untracked 
|  81|0x00000000c5100000, 0x00000000c5100000, 0x00000000c5200000|  0%| F|  |TAMS 0x00000000c5100000| PB 0x00000000c5100000| Untracked 
|  82|0x00000000c5200000, 0x00000000c5200000, 0x00000000c5300000|  0%| F|  |TAMS 0x00000000c5200000| PB 0x00000000c5200000| Untracked 
|  83|0x00000000c5300000, 0x00000000c5300000, 0x00000000c5400000|  0%| F|  |TAMS 0x00000000c5300000| PB 0x00000000c5300000| Untracked 
|  84|0x00000000c5400000, 0x00000000c5400000, 0x00000000c5500000|  0%| F|  |TAMS 0x00000000c5400000| PB 0x00000000c5400000| Untracked 
|  85|0x00000000c5500000, 0x00000000c5500000, 0x00000000c5600000|  0%| F|  |TAMS 0x00000000c5500000| PB 0x00000000c5500000| Untracked 
|  86|0x00000000c5600000, 0x00000000c5600000, 0x00000000c5700000|  0%| F|  |TAMS 0x00000000c5600000| PB 0x00000000c5600000| Untracked 
|  87|0x00000000c5700000, 0x00000000c5700000, 0x00000000c5800000|  0%| F|  |TAMS 0x00000000c5700000| PB 0x00000000c5700000| Untracked 
|  88|0x00000000c5800000, 0x00000000c5800000, 0x00000000c5900000|  0%| F|  |TAMS 0x00000000c5800000| PB 0x00000000c5800000| Untracked 
|  89|0x00000000c5900000, 0x00000000c5900000, 0x00000000c5a00000|  0%| F|  |TAMS 0x00000000c5900000| PB 0x00000000c5900000| Untracked 
|  90|0x00000000c5a00000, 0x00000000c5a00000, 0x00000000c5b00000|  0%| F|  |TAMS 0x00000000c5a00000| PB 0x00000000c5a00000| Untracked 
| 119|0x00000000c7700000, 0x00000000c7700000, 0x00000000c7800000|  0%| F|  |TAMS 0x00000000c7700000| PB 0x00000000c7700000| Untracked 
|1018|0x00000000ffa00000, 0x00000000ffa00000, 0x00000000ffb00000|  0%| F|  |TAMS 0x00000000ffa00000| PB 0x00000000ffa00000| Untracked 
|1019|0x00000000ffb00000, 0x00000000ffb00000, 0x00000000ffc00000|  0%| F|  |TAMS 0x00000000ffb00000| PB 0x00000000ffb00000| Untracked 
|1020|0x00000000ffc00000, 0x00000000ffc00000, 0x00000000ffd00000|  0%| F|  |TAMS 0x00000000ffc00000| PB 0x00000000ffc00000| Untracked 
|1021|0x00000000ffd00000, 0x00000000ffd00000, 0x00000000ffe00000|  0%| F|  |TAMS 0x00000000ffd00000| PB 0x00000000ffd00000| Untracked 
|1022|0x00000000ffe00000, 0x00000000ffe00000, 0x00000000fff00000|  0%| F|  |TAMS 0x00000000ffe00000| PB 0x00000000ffe00000| Untracked 
|1023|0x00000000fff00000, 0x00000000fff040c8, 0x0000000100000000|  1%| E|  |TAMS 0x00000000fff00000| PB 0x00000000fff00000| Complete 

Card table byte_map: [0x000002090ca80000,0x000002090cc80000] _byte_map_base: 0x000002090c480000

Marking Bits: (CMBitMap*) 0x00000209063a1160
 Bits: [0x000002090cc80000, 0x000002090dc80000)

Polling page: 0x0000020904170000

Metaspace:

Usage:
  Non-class:     48.42 MB used.
      Class:      6.83 MB used.
       Both:     55.26 MB used.

Virtual space:
  Non-class space:       64.00 MB reserved,      48.81 MB ( 76%) committed,  1 nodes.
      Class space:        1.00 GB reserved,       7.19 MB ( <1%) committed,  1 nodes.
             Both:        1.06 GB reserved,      56.00 MB (  5%) committed. 

Chunk freelists:
   Non-Class:  15.03 MB
       Class:  8.92 MB
        Both:  23.95 MB

MaxMetaspaceSize: unlimited
CompressedClassSpaceSize: 1.00 GB
Initial GC threshold: 21.00 MB
Current GC threshold: 93.12 MB
CDS: on
 - commit_granule_bytes: 65536.
 - commit_granule_words: 8192.
 - virtual_space_node_default_size: 8388608.
 - enlarge_chunks_in_place: 1.
 - use_allocation_guard: 0.


Internal statistics:

num_allocs_failed_limit: 9.
num_arena_births: 3172.
num_arena_deaths: 2340.
num_vsnodes_births: 2.
num_vsnodes_deaths: 0.
num_space_committed: 897.
num_space_uncommitted: 1.
num_chunks_returned_to_freelist: 2985.
num_chunks_taken_from_freelist: 6027.
num_chunk_merges: 465.
num_chunk_splits: 2924.
num_chunks_enlarged: 2040.
num_inconsistent_stats: 0.

CodeCache: size=49152Kb used=10602Kb max_used=13087Kb free=38549Kb
 bounds [0x0000020909550000, 0x000002090a2b0000, 0x000002090c550000]
 total_blobs=5010 nmethods=4283 adapters=649
 compilation: enabled
              stopped_count=0, restarted_count=0
 full_count=0

Compilation events (20 events):
Event: 61940.630 Thread 0x00000209108d4d90 13970       1       com.google.common.cache.LocalCache$Segment::newEntry (18 bytes)
Event: 61940.631 Thread 0x00000209108d4d90 nmethod 13970 0x0000020909dfaf10 code [0x0000020909dfb0c0, 0x0000020909dfb298]
Event: 61940.631 Thread 0x00000209108d4d90 13971       1       com.google.common.cache.LocalCache$Segment::setValue (82 bytes)
Event: 61940.632 Thread 0x00000209108d4d90 nmethod 13971 0x000002090a215290 code [0x000002090a215480, 0x000002090a2156d8]
Event: 61940.632 Thread 0x00000209108d4d90 13972       1       com.google.common.cache.LocalCache$Strength$1::referenceValue (28 bytes)
Event: 61940.633 Thread 0x00000209108d4d90 nmethod 13972 0x000002090a216a90 code [0x000002090a216c40, 0x000002090a216e58]
Event: 61940.633 Thread 0x00000209108d4d90 13973       1       com.google.common.cache.LocalCache$StrongValueReference::<init> (10 bytes)
Event: 61940.633 Thread 0x00000209108d4d90 nmethod 13973 0x0000020909da4a90 code [0x0000020909da4c20, 0x0000020909da4d30]
Event: 61940.633 Thread 0x00000209108d4d90 13974       1       com.google.common.cache.LocalCache$Segment::recordWrite (72 bytes)
Event: 61940.635 Thread 0x00000209108d4d90 nmethod 13974 0x0000020909d11010 code [0x0000020909d11200, 0x0000020909d114e8]
Event: 61940.635 Thread 0x00000209108d4d90 13975       1       com.google.common.cache.LocalCache$Segment::evictEntries (106 bytes)
Event: 61940.637 Thread 0x00000209108d4d90 nmethod 13975 0x0000020909db5e10 code [0x0000020909db6060, 0x0000020909db64c0]
Event: 61940.649 Thread 0x00000209108d4d90 13976       1       org.eclipse.jdt.core.dom.FieldDeclaration::setType (41 bytes)
Event: 61940.650 Thread 0x00000209108d4d90 nmethod 13976 0x0000020909e7e390 code [0x0000020909e7e560, 0x0000020909e7e7a0]
Event: 61940.650 Thread 0x00000209108d4d90 13977       1       org.eclipse.jdt.core.dom.ASTConverter::setModifiers (85 bytes)
Event: 61940.654 Thread 0x00000209108d4d90 nmethod 13977 0x000002090a198c10 code [0x000002090a198e20, 0x000002090a1992d8]
Event: 61940.933 Thread 0x00000209108d4d90 13978       1       org.springframework.ide.vscode.commons.util.text.TextDocument::<init> (50 bytes)
Event: 61940.935 Thread 0x00000209108d4d90 nmethod 13978 0x000002090a04b690 code [0x000002090a04b8a0, 0x000002090a04c140]
Event: 62000.981 Thread 0x00000209108d4d90 13979       1       jdk.internal.misc.Unsafe::checkPointer (19 bytes)
Event: 62000.981 Thread 0x00000209108d4d90 nmethod 13979 0x000002090993f510 code [0x000002090993f6c0, 0x000002090993f830]

GC Heap History (20 events):
Event: 62026.733 GC heap after
{Heap after GC invocations=1034 (full 980):
 garbage-first heap   total 100352K, used 42887K [0x00000000c0000000, 0x0000000100000000)
  region size 1024K, 0 young (0K), 0 survivors (0K)
 Metaspace       used 56581K, committed 57344K, reserved 1114112K
  class space    used 6998K, committed 7360K, reserved 1048576K
}
Event: 62036.958 GC heap before
{Heap before GC invocations=1034 (full 980):
 garbage-first heap   total 100352K, used 42887K [0x00000000c0000000, 0x0000000100000000)
  region size 1024K, 1 young (1024K), 0 survivors (0K)
 Metaspace       used 56581K, committed 57344K, reserved 1114112K
  class space    used 6998K, committed 7360K, reserved 1048576K
}
Event: 62037.034 GC heap after
{Heap after GC invocations=1035 (full 981):
 garbage-first heap   total 100352K, used 42887K [0x00000000c0000000, 0x0000000100000000)
  region size 1024K, 0 young (0K), 0 survivors (0K)
 Metaspace       used 56581K, committed 57344K, reserved 1114112K
  class space    used 6998K, committed 7360K, reserved 1048576K
}
Event: 62047.246 GC heap before
{Heap before GC invocations=1035 (full 981):
 garbage-first heap   total 100352K, used 42887K [0x00000000c0000000, 0x0000000100000000)
  region size 1024K, 1 young (1024K), 0 survivors (0K)
 Metaspace       used 56581K, committed 57344K, reserved 1114112K
  class space    used 6998K, committed 7360K, reserved 1048576K
}
Event: 62047.325 GC heap after
{Heap after GC invocations=1036 (full 982):
 garbage-first heap   total 100352K, used 42887K [0x00000000c0000000, 0x0000000100000000)
  region size 1024K, 0 young (0K), 0 survivors (0K)
 Metaspace       used 56581K, committed 57344K, reserved 1114112K
  class space    used 6998K, committed 7360K, reserved 1048576K
}
Event: 62057.528 GC heap before
{Heap before GC invocations=1036 (full 982):
 garbage-first heap   total 100352K, used 42887K [0x00000000c0000000, 0x0000000100000000)
  region size 1024K, 1 young (1024K), 0 survivors (0K)
 Metaspace       used 56581K, committed 57344K, reserved 1114112K
  class space    used 6998K, committed 7360K, reserved 1048576K
}
Event: 62057.592 GC heap after
{Heap after GC invocations=1037 (full 983):
 garbage-first heap   total 100352K, used 42887K [0x00000000c0000000, 0x0000000100000000)
  region size 1024K, 0 young (0K), 0 survivors (0K)
 Metaspace       used 56581K, committed 57344K, reserved 1114112K
  class space    used 6998K, committed 7360K, reserved 1048576K
}
Event: 62067.773 GC heap before
{Heap before GC invocations=1037 (full 983):
 garbage-first heap   total 100352K, used 42887K [0x00000000c0000000, 0x0000000100000000)
  region size 1024K, 1 young (1024K), 0 survivors (0K)
 Metaspace       used 56581K, committed 57344K, reserved 1114112K
  class space    used 6998K, committed 7360K, reserved 1048576K
}
Event: 62067.822 GC heap after
{Heap after GC invocations=1038 (full 984):
 garbage-first heap   total 100352K, used 42887K [0x00000000c0000000, 0x0000000100000000)
  region size 1024K, 0 young (0K), 0 survivors (0K)
 Metaspace       used 56581K, committed 57344K, reserved 1114112K
  class space    used 6998K, committed 7360K, reserved 1048576K
}
Event: 62078.044 GC heap before
{Heap before GC invocations=1038 (full 984):
 garbage-first heap   total 100352K, used 42887K [0x00000000c0000000, 0x0000000100000000)
  region size 1024K, 1 young (1024K), 0 survivors (0K)
 Metaspace       used 56581K, committed 57344K, reserved 1114112K
  class space    used 6998K, committed 7360K, reserved 1048576K
}
Event: 62078.104 GC heap after
{Heap after GC invocations=1039 (full 985):
 garbage-first heap   total 100352K, used 42887K [0x00000000c0000000, 0x0000000100000000)
  region size 1024K, 0 young (0K), 0 survivors (0K)
 Metaspace       used 56581K, committed 57344K, reserved 1114112K
  class space    used 6998K, committed 7360K, reserved 1048576K
}
Event: 62088.306 GC heap before
{Heap before GC invocations=1039 (full 985):
 garbage-first heap   total 100352K, used 42887K [0x00000000c0000000, 0x0000000100000000)
  region size 1024K, 1 young (1024K), 0 survivors (0K)
 Metaspace       used 56581K, committed 57344K, reserved 1114112K
  class space    used 6998K, committed 7360K, reserved 1048576K
}
Event: 62088.361 GC heap after
{Heap after GC invocations=1040 (full 986):
 garbage-first heap   total 100352K, used 42887K [0x00000000c0000000, 0x0000000100000000)
  region size 1024K, 0 young (0K), 0 survivors (0K)
 Metaspace       used 56581K, committed 57344K, reserved 1114112K
  class space    used 6998K, committed 7360K, reserved 1048576K
}
Event: 62098.569 GC heap before
{Heap before GC invocations=1040 (full 986):
 garbage-first heap   total 100352K, used 42887K [0x00000000c0000000, 0x0000000100000000)
  region size 1024K, 1 young (1024K), 0 survivors (0K)
 Metaspace       used 56581K, committed 57344K, reserved 1114112K
  class space    used 6998K, committed 7360K, reserved 1048576K
}
Event: 62098.626 GC heap after
{Heap after GC invocations=1041 (full 987):
 garbage-first heap   total 100352K, used 42887K [0x00000000c0000000, 0x0000000100000000)
  region size 1024K, 0 young (0K), 0 survivors (0K)
 Metaspace       used 56581K, committed 57344K, reserved 1114112K
  class space    used 6998K, committed 7360K, reserved 1048576K
}
Event: 62108.800 GC heap before
{Heap before GC invocations=1041 (full 987):
 garbage-first heap   total 100352K, used 42887K [0x00000000c0000000, 0x0000000100000000)
  region size 1024K, 1 young (1024K), 0 survivors (0K)
 Metaspace       used 56581K, committed 57344K, reserved 1114112K
  class space    used 6998K, committed 7360K, reserved 1048576K
}
Event: 62108.851 GC heap after
{Heap after GC invocations=1042 (full 988):
 garbage-first heap   total 100352K, used 42887K [0x00000000c0000000, 0x0000000100000000)
  region size 1024K, 0 young (0K), 0 survivors (0K)
 Metaspace       used 56581K, committed 57344K, reserved 1114112K
  class space    used 6998K, committed 7360K, reserved 1048576K
}
Event: 62119.047 GC heap before
{Heap before GC invocations=1042 (full 988):
 garbage-first heap   total 100352K, used 42887K [0x00000000c0000000, 0x0000000100000000)
  region size 1024K, 1 young (1024K), 0 survivors (0K)
 Metaspace       used 56581K, committed 57344K, reserved 1114112K
  class space    used 6998K, committed 7360K, reserved 1048576K
}
Event: 62119.100 GC heap after
{Heap after GC invocations=1043 (full 989):
 garbage-first heap   total 100352K, used 42887K [0x00000000c0000000, 0x0000000100000000)
  region size 1024K, 0 young (0K), 0 survivors (0K)
 Metaspace       used 56581K, committed 57344K, reserved 1114112K
  class space    used 6998K, committed 7360K, reserved 1048576K
}
Event: 62129.144 GC heap before
{Heap before GC invocations=1043 (full 989):
 garbage-first heap   total 100352K, used 42887K [0x00000000c0000000, 0x0000000100000000)
  region size 1024K, 1 young (1024K), 0 survivors (0K)
 Metaspace       used 56581K, committed 57344K, reserved 1114112K
  class space    used 6998K, committed 7360K, reserved 1048576K
}

Dll operation events (11 events):
Event: 0.012 Loaded shared library c:\Users\MyBook Hype AMD\.vscode\extensions\redhat.java-1.42.0-win32-x64\jre\21.0.7-win32-x86_64\bin\java.dll
Event: 0.207 Loaded shared library c:\Users\MyBook Hype AMD\.vscode\extensions\redhat.java-1.42.0-win32-x64\jre\21.0.7-win32-x86_64\bin\zip.dll
Event: 0.263 Loaded shared library C:\Users\MyBook Hype AMD\.vscode\extensions\redhat.java-1.42.0-win32-x64\jre\21.0.7-win32-x86_64\bin\net.dll
Event: 0.267 Loaded shared library C:\Users\MyBook Hype AMD\.vscode\extensions\redhat.java-1.42.0-win32-x64\jre\21.0.7-win32-x86_64\bin\nio.dll
Event: 1.105 Loaded shared library C:\Users\MyBook Hype AMD\.vscode\extensions\redhat.java-1.42.0-win32-x64\jre\21.0.7-win32-x86_64\bin\zip.dll
Event: 12.800 Loaded shared library C:\Users\MyBook Hype AMD\.vscode\extensions\redhat.java-1.42.0-win32-x64\jre\21.0.7-win32-x86_64\bin\jimage.dll
Event: 15.251 Loaded shared library c:\Users\MyBook Hype AMD\.vscode\extensions\redhat.java-1.42.0-win32-x64\jre\21.0.7-win32-x86_64\bin\verify.dll
Event: 23.246 Loaded shared library C:\Users\MyBook Hype AMD\.vscode\extensions\redhat.java-1.42.0-win32-x64\jre\21.0.7-win32-x86_64\bin\management.dll
Event: 23.250 Loaded shared library C:\Users\MyBook Hype AMD\.vscode\extensions\redhat.java-1.42.0-win32-x64\jre\21.0.7-win32-x86_64\bin\management_ext.dll
Event: 24.704 Loaded shared library C:\Users\MyBook Hype AMD\.vscode\extensions\redhat.java-1.42.0-win32-x64\jre\21.0.7-win32-x86_64\bin\sunmscapi.dll
Event: 25.230 Loaded shared library C:\Users\MyBook Hype AMD\.vscode\extensions\redhat.java-1.42.0-win32-x64\jre\21.0.7-win32-x86_64\bin\extnet.dll

Deoptimization events (16 events):
Event: 24.795 Thread 0x0000020957cae440 DEOPT PACKING pc=0x0000020909ed89e4 sp=0x000000eefc4fa6e0
Event: 24.795 Thread 0x0000020957cae440 DEOPT UNPACKING pc=0x00000209095a4e42 sp=0x000000eefc4f9ba8 mode 0
Event: 25.356 Thread 0x0000020957c1ae60 DEOPT PACKING pc=0x0000020909d2f6f4 sp=0x000000eefbeff000
Event: 25.356 Thread 0x0000020957c1ae60 DEOPT UNPACKING pc=0x00000209095a4e42 sp=0x000000eefbefe4e8 mode 0
Event: 25.356 Thread 0x0000020957c1a140 DEOPT PACKING pc=0x0000020909d2f6f4 sp=0x000000eefbcfee90
Event: 25.356 Thread 0x0000020957c1a140 DEOPT UNPACKING pc=0x00000209095a4e42 sp=0x000000eefbcfe378 mode 0
Event: 25.839 Thread 0x0000020957c18700 DEOPT PACKING pc=0x000002090a0f3b0c sp=0x000000eefb9fe1c0
Event: 25.839 Thread 0x0000020957c18700 DEOPT UNPACKING pc=0x00000209095a4e42 sp=0x000000eefb9fd710 mode 0
Event: 25.839 Thread 0x0000020957c18700 DEOPT PACKING pc=0x000002090a0f3b0c sp=0x000000eefb9fe3f0
Event: 25.839 Thread 0x0000020957c18700 DEOPT UNPACKING pc=0x00000209095a4e42 sp=0x000000eefb9fd940 mode 0
Event: 25.842 Thread 0x0000020957c18700 DEOPT PACKING pc=0x000002090a0f3b0c sp=0x000000eefb9fe810
Event: 25.842 Thread 0x0000020957c18700 DEOPT UNPACKING pc=0x00000209095a4e42 sp=0x000000eefb9fdd60 mode 0
Event: 86.601 Thread 0x00000209565ef950 DEOPT PACKING pc=0x0000020909b274dc sp=0x000000eefb3fec00
Event: 86.601 Thread 0x00000209565ef950 DEOPT UNPACKING pc=0x00000209095a4e42 sp=0x000000eefb3fe0b8 mode 0
Event: 49856.623 Thread 0x0000020957cb0510 DEOPT PACKING pc=0x000002090a047e9c sp=0x000000eefc5fe810
Event: 49856.624 Thread 0x0000020957cb0510 DEOPT UNPACKING pc=0x00000209095a4e42 sp=0x000000eefc5fdd60 mode 0

Classes loaded (20 events):
Event: 861.085 Loading class org/w3c/dom/NamedNodeMap
Event: 861.086 Loading class org/w3c/dom/NamedNodeMap done
Event: 861.087 Loading class org/w3c/dom/Attr
Event: 861.087 Loading class org/w3c/dom/Attr done
Event: 49856.606 Loading class java/util/Spliterators$IntArraySpliterator
Event: 49856.609 Loading class java/util/Spliterators$IntArraySpliterator done
Event: 49856.615 Loading class java/util/stream/Nodes$IntSpinedNodeBuilder
Event: 49856.616 Loading class java/util/stream/SpinedBuffer$OfInt
Event: 49856.618 Loading class java/util/stream/SpinedBuffer$OfPrimitive
Event: 49856.619 Loading class java/util/stream/SpinedBuffer$OfPrimitive done
Event: 49856.620 Loading class java/util/stream/SpinedBuffer$OfInt done
Event: 49856.620 Loading class java/util/stream/Nodes$IntSpinedNodeBuilder done
Event: 49859.515 Loading class java/util/concurrent/CompletableFuture$DelayedExecutor
Event: 49859.517 Loading class java/util/concurrent/CompletableFuture$DelayedExecutor done
Event: 49859.517 Loading class java/util/concurrent/CompletableFuture$TaskSubmitter
Event: 49859.518 Loading class java/util/concurrent/CompletableFuture$TaskSubmitter done
Event: 49859.518 Loading class java/util/concurrent/CompletableFuture$Delayer
Event: 49859.518 Loading class java/util/concurrent/CompletableFuture$Delayer done
Event: 49859.518 Loading class java/util/concurrent/CompletableFuture$Delayer$DaemonThreadFactory
Event: 49859.518 Loading class java/util/concurrent/CompletableFuture$Delayer$DaemonThreadFactory done

Classes unloaded (20 events):
Event: 61995.755 Thread 0x00000209108ae7a0 Unloading class 0x000002091201a800 'java/lang/invoke/LambdaForm$MH+0x000002091201a800'
Event: 61995.755 Thread 0x00000209108ae7a0 Unloading class 0x0000020912018c00 'java/lang/invoke/LambdaForm$MH+0x0000020912018c00'
Event: 62006.221 Thread 0x00000209108ae7a0 Unloading class 0x0000020912716800 'java/lang/invoke/LambdaForm$MH+0x0000020912716800'
Event: 62006.221 Thread 0x00000209108ae7a0 Unloading class 0x0000020912716000 'java/lang/invoke/LambdaForm$MH+0x0000020912716000'
Event: 62006.221 Thread 0x00000209108ae7a0 Unloading class 0x0000020912719c00 'java/lang/invoke/LambdaForm$MH+0x0000020912719c00'
Event: 62006.221 Thread 0x00000209108ae7a0 Unloading class 0x0000020912719800 'java/lang/invoke/LambdaForm$MH+0x0000020912719800'
Event: 62006.221 Thread 0x00000209108ae7a0 Unloading class 0x0000020912708400 'java/lang/invoke/LambdaForm$MH+0x0000020912708400'
Event: 62006.221 Thread 0x00000209108ae7a0 Unloading class 0x00000209122f5400 'java/lang/invoke/LambdaForm$DMH+0x00000209122f5400'
Event: 62006.221 Thread 0x00000209108ae7a0 Unloading class 0x0000020912418400 'java/lang/invoke/LambdaForm$DMH+0x0000020912418400'
Event: 62006.221 Thread 0x00000209108ae7a0 Unloading class 0x0000020912717800 'java/lang/invoke/LambdaForm$MH+0x0000020912717800'
Event: 62006.221 Thread 0x00000209108ae7a0 Unloading class 0x0000020912701800 'java/lang/invoke/LambdaForm$MH+0x0000020912701800'
Event: 62006.221 Thread 0x00000209108ae7a0 Unloading class 0x0000020912708800 'java/lang/invoke/LambdaForm$MH+0x0000020912708800'
Event: 62006.221 Thread 0x00000209108ae7a0 Unloading class 0x000002091269c800 'java/lang/invoke/LambdaForm$MH+0x000002091269c800'
Event: 62006.221 Thread 0x00000209108ae7a0 Unloading class 0x0000020912701400 'java/lang/invoke/LambdaForm$DMH+0x0000020912701400'
Event: 62006.221 Thread 0x00000209108ae7a0 Unloading class 0x00000209123a8c00 'java/lang/invoke/LambdaForm$DMH+0x00000209123a8c00'
Event: 62006.221 Thread 0x00000209108ae7a0 Unloading class 0x00000209126f8000 'java/lang/invoke/LambdaForm$MH+0x00000209126f8000'
Event: 62006.221 Thread 0x00000209108ae7a0 Unloading class 0x00000209126f9000 'java/lang/invoke/LambdaForm$MH+0x00000209126f9000'
Event: 62006.221 Thread 0x00000209108ae7a0 Unloading class 0x000002091270c800 'java/lang/invoke/LambdaForm$DMH+0x000002091270c800'
Event: 62006.221 Thread 0x00000209108ae7a0 Unloading class 0x0000020912474000 'java/lang/invoke/LambdaForm$MH+0x0000020912474000'
Event: 62006.221 Thread 0x00000209108ae7a0 Unloading class 0x0000020912469000 'java/lang/invoke/LambdaForm$MH+0x0000020912469000'

Classes redefined (0 events):
No events

Internal exceptions (20 events):
Event: 51289.219 Thread 0x0000020957caddb0 Exception <a 'java/lang/NoSuchMethodError'{0x00000000fff57ba8}: 'java.lang.Object java.lang.invoke.DirectMethodHandle$Holder.newInvokeSpecial(java.lang.Object, java.lang.Object, java.lang.Object, java.lang.Object, java.lang.Object, java.lang.Object, java.lang.Object, int)'> (0x00000000fff57ba8) 
thrown [s\src\hotspot\share\interpreter\linkResolver.cpp, line 773]
Event: 51289.219 Thread 0x0000020957caddb0 Exception <a 'java/lang/NoSuchMethodError'{0x00000000fff5b8a0}: 'java.lang.Object java.lang.invoke.DelegatingMethodHandle$Holder.reinvoke_L(java.lang.Object, java.lang.Object, java.lang.Object, java.lang.Object, java.lang.Object, java.lang.Object, java.lang.Object, int)'> (0x00000000fff5b8a0) 
thrown [s\src\hotspot\share\interpreter\linkResolver.cpp, line 773]
Event: 51289.224 Thread 0x0000020957caddb0 Exception <a 'java/lang/NoSuchMethodError'{0x00000000fffa45b8}: 'java.lang.Object java.lang.invoke.DelegatingMethodHandle$Holder.reinvoke_L(java.lang.Object, java.lang.Object, java.lang.Object, java.lang.Object, java.lang.Object, int, int, int)'> (0x00000000fffa45b8) 
thrown [s\src\hotspot\share\interpreter\linkResolver.cpp, line 773]
Event: 51289.237 Thread 0x0000020957caddb0 Exception <a 'java/lang/NoSuchMethodError'{0x00000000ffebe1a0}: 'void java.lang.invoke.DelegatingMethodHandle$Holder.reinvoke_L(java.lang.Object, java.lang.Object, int)'> (0x00000000ffebe1a0) 
thrown [s\src\hotspot\share\interpreter\linkResolver.cpp, line 773]
Event: 51289.238 Thread 0x0000020957caddb0 Exception <a 'java/lang/NoSuchMethodError'{0x00000000ffecd928}: 'java.lang.Object java.lang.invoke.DelegatingMethodHandle$Holder.reinvoke_L(java.lang.Object, java.lang.Object, java.lang.Object, int, java.lang.Object, int, java.lang.Object, java.lang.Object, int, java.lang.Object, int)'> (0x00000000ffecd928) 
thrown [s\src\hotspot\share\interpreter\linkResolver.cpp, line 773]
Event: 51358.689 Thread 0x0000020957caead0 Exception <a 'java/lang/NoSuchMethodError'{0x00000000fff590f0}: 'java.lang.Object java.lang.invoke.DirectMethodHandle$Holder.newInvokeSpecial(java.lang.Object, java.lang.Object, java.lang.Object, java.lang.Object, java.lang.Object, java.lang.Object, java.lang.Object, int)'> (0x00000000fff590f0) 
thrown [s\src\hotspot\share\interpreter\linkResolver.cpp, line 773]
Event: 51358.689 Thread 0x0000020957caead0 Exception <a 'java/lang/NoSuchMethodError'{0x00000000fff5cde8}: 'java.lang.Object java.lang.invoke.DelegatingMethodHandle$Holder.reinvoke_L(java.lang.Object, java.lang.Object, java.lang.Object, java.lang.Object, java.lang.Object, java.lang.Object, java.lang.Object, int)'> (0x00000000fff5cde8) 
thrown [s\src\hotspot\share\interpreter\linkResolver.cpp, line 773]
Event: 51358.691 Thread 0x0000020957caead0 Exception <a 'java/lang/NoSuchMethodError'{0x00000000fffa57b8}: 'java.lang.Object java.lang.invoke.DelegatingMethodHandle$Holder.reinvoke_L(java.lang.Object, java.lang.Object, java.lang.Object, java.lang.Object, java.lang.Object, int, int, int)'> (0x00000000fffa57b8) 
thrown [s\src\hotspot\share\interpreter\linkResolver.cpp, line 773]
Event: 51358.700 Thread 0x0000020957caead0 Exception <a 'java/lang/NoSuchMethodError'{0x00000000ffec0538}: 'void java.lang.invoke.DelegatingMethodHandle$Holder.reinvoke_L(java.lang.Object, java.lang.Object, int)'> (0x00000000ffec0538) 
thrown [s\src\hotspot\share\interpreter\linkResolver.cpp, line 773]
Event: 51358.701 Thread 0x0000020957caead0 Exception <a 'java/lang/NoSuchMethodError'{0x00000000ffecfcb8}: 'java.lang.Object java.lang.invoke.DelegatingMethodHandle$Holder.reinvoke_L(java.lang.Object, java.lang.Object, java.lang.Object, int, java.lang.Object, int, java.lang.Object, java.lang.Object, int, java.lang.Object, int)'> (0x00000000ffecfcb8) 
thrown [s\src\hotspot\share\interpreter\linkResolver.cpp, line 773]
Event: 51787.850 Thread 0x0000020957caddb0 Exception <a 'java/lang/NoSuchMethodError'{0x00000000fff6df70}: 'java.lang.Object java.lang.invoke.DirectMethodHandle$Holder.newInvokeSpecial(java.lang.Object, java.lang.Object, java.lang.Object, java.lang.Object, java.lang.Object, java.lang.Object, java.lang.Object, int)'> (0x00000000fff6df70) 
thrown [s\src\hotspot\share\interpreter\linkResolver.cpp, line 773]
Event: 51787.851 Thread 0x0000020957caddb0 Exception <a 'java/lang/NoSuchMethodError'{0x00000000fff71c68}: 'java.lang.Object java.lang.invoke.DelegatingMethodHandle$Holder.reinvoke_L(java.lang.Object, java.lang.Object, java.lang.Object, java.lang.Object, java.lang.Object, java.lang.Object, java.lang.Object, int)'> (0x00000000fff71c68) 
thrown [s\src\hotspot\share\interpreter\linkResolver.cpp, line 773]
Event: 51787.862 Thread 0x0000020957caddb0 Exception <a 'java/lang/NoSuchMethodError'{0x00000000fffba648}: 'java.lang.Object java.lang.invoke.DelegatingMethodHandle$Holder.reinvoke_L(java.lang.Object, java.lang.Object, java.lang.Object, java.lang.Object, java.lang.Object, int, int, int)'> (0x00000000fffba648) 
thrown [s\src\hotspot\share\interpreter\linkResolver.cpp, line 773]
Event: 51787.914 Thread 0x0000020957caddb0 Exception <a 'java/lang/NoSuchMethodError'{0x00000000ffed44c0}: 'void java.lang.invoke.DelegatingMethodHandle$Holder.reinvoke_L(java.lang.Object, java.lang.Object, int)'> (0x00000000ffed44c0) 
thrown [s\src\hotspot\share\interpreter\linkResolver.cpp, line 773]
Event: 51787.915 Thread 0x0000020957caddb0 Exception <a 'java/lang/NoSuchMethodError'{0x00000000ffee3b90}: 'java.lang.Object java.lang.invoke.DelegatingMethodHandle$Holder.reinvoke_L(java.lang.Object, java.lang.Object, java.lang.Object, int, java.lang.Object, int, java.lang.Object, java.lang.Object, int, java.lang.Object, int)'> (0x00000000ffee3b90) 
thrown [s\src\hotspot\share\interpreter\linkResolver.cpp, line 773]
Event: 61813.517 Thread 0x0000020957caddb0 Exception <a 'java/lang/NoSuchMethodError'{0x00000000ffe16798}: 'java.lang.Object java.lang.invoke.DirectMethodHandle$Holder.newInvokeSpecial(java.lang.Object, java.lang.Object, java.lang.Object, java.lang.Object, java.lang.Object, java.lang.Object, java.lang.Object, int)'> (0x00000000ffe16798) 
thrown [s\src\hotspot\share\interpreter\linkResolver.cpp, line 773]
Event: 61813.526 Thread 0x0000020957caddb0 Exception <a 'java/lang/NoSuchMethodError'{0x00000000ffe1a490}: 'java.lang.Object java.lang.invoke.DelegatingMethodHandle$Holder.reinvoke_L(java.lang.Object, java.lang.Object, java.lang.Object, java.lang.Object, java.lang.Object, java.lang.Object, java.lang.Object, int)'> (0x00000000ffe1a490) 
thrown [s\src\hotspot\share\interpreter\linkResolver.cpp, line 773]
Event: 61813.567 Thread 0x0000020957caddb0 Exception <a 'java/lang/NoSuchMethodError'{0x00000000ffeb4568}: 'java.lang.Object java.lang.invoke.DelegatingMethodHandle$Holder.reinvoke_L(java.lang.Object, java.lang.Object, java.lang.Object, java.lang.Object, java.lang.Object, int, int, int)'> (0x00000000ffeb4568) 
thrown [s\src\hotspot\share\interpreter\linkResolver.cpp, line 773]
Event: 61813.649 Thread 0x0000020957caddb0 Exception <a 'java/lang/NoSuchMethodError'{0x00000000ffb08590}: 'void java.lang.invoke.DelegatingMethodHandle$Holder.reinvoke_L(java.lang.Object, java.lang.Object, int)'> (0x00000000ffb08590) 
thrown [s\src\hotspot\share\interpreter\linkResolver.cpp, line 773]
Event: 61813.655 Thread 0x0000020957caddb0 Exception <a 'java/lang/NoSuchMethodError'{0x00000000ffb17c60}: 'java.lang.Object java.lang.invoke.DelegatingMethodHandle$Holder.reinvoke_L(java.lang.Object, java.lang.Object, java.lang.Object, int, java.lang.Object, int, java.lang.Object, java.lang.Object, int, java.lang.Object, int)'> (0x00000000ffb17c60) 
thrown [s\src\hotspot\share\interpreter\linkResolver.cpp, line 773]

ZGC Phase Switch (0 events):
No events

VM Operations (20 events):
Event: 62026.733 Executing VM operation: G1CollectFull (System.gc()) done
Event: 62036.958 Executing VM operation: G1CollectFull (System.gc())
Event: 62037.034 Executing VM operation: G1CollectFull (System.gc()) done
Event: 62047.246 Executing VM operation: G1CollectFull (System.gc())
Event: 62047.325 Executing VM operation: G1CollectFull (System.gc()) done
Event: 62057.528 Executing VM operation: G1CollectFull (System.gc())
Event: 62057.592 Executing VM operation: G1CollectFull (System.gc()) done
Event: 62067.773 Executing VM operation: G1CollectFull (System.gc())
Event: 62067.822 Executing VM operation: G1CollectFull (System.gc()) done
Event: 62078.044 Executing VM operation: G1CollectFull (System.gc())
Event: 62078.104 Executing VM operation: G1CollectFull (System.gc()) done
Event: 62088.306 Executing VM operation: G1CollectFull (System.gc())
Event: 62088.361 Executing VM operation: G1CollectFull (System.gc()) done
Event: 62098.569 Executing VM operation: G1CollectFull (System.gc())
Event: 62098.626 Executing VM operation: G1CollectFull (System.gc()) done
Event: 62108.800 Executing VM operation: G1CollectFull (System.gc())
Event: 62108.851 Executing VM operation: G1CollectFull (System.gc()) done
Event: 62119.047 Executing VM operation: G1CollectFull (System.gc())
Event: 62119.100 Executing VM operation: G1CollectFull (System.gc()) done
Event: 62129.144 Executing VM operation: G1CollectFull (System.gc())

Memory protections (0 events):
No events

Nmethod flushes (20 events):
Event: 61995.948 Thread 0x00000209108ae7a0 flushing  nmethod 0x000002090970bf90
Event: 61995.948 Thread 0x00000209108ae7a0 flushing  nmethod 0x00000209099a4690
Event: 61995.948 Thread 0x00000209108ae7a0 flushing  nmethod 0x0000020909b37e90
Event: 61995.948 Thread 0x00000209108ae7a0 flushing  nmethod 0x0000020909d87e90
Event: 61995.948 Thread 0x00000209108ae7a0 flushing  nmethod 0x0000020909e15390
Event: 61995.948 Thread 0x00000209108ae7a0 flushing  nmethod 0x0000020909f75a10
Event: 61995.948 Thread 0x00000209108ae7a0 flushing  nmethod 0x000002090a114510
Event: 61995.948 Thread 0x00000209108ae7a0 flushing  nmethod 0x000002090a1c8290
Event: 61995.948 Thread 0x00000209108ae7a0 flushing  nmethod 0x0000020909965090
Event: 61995.948 Thread 0x00000209108ae7a0 flushing  nmethod 0x00000209099cc810
Event: 61995.948 Thread 0x00000209108ae7a0 flushing  nmethod 0x00000209099db890
Event: 61995.948 Thread 0x00000209108ae7a0 flushing  nmethod 0x0000020909eb0410
Event: 61995.948 Thread 0x00000209108ae7a0 flushing  nmethod 0x0000020909f55490
Event: 61995.948 Thread 0x00000209108ae7a0 flushing  nmethod 0x0000020909ff6810
Event: 61995.948 Thread 0x00000209108ae7a0 flushing  nmethod 0x0000020909ff9910
Event: 61995.948 Thread 0x00000209108ae7a0 flushing  nmethod 0x000002090993f510
Event: 61995.948 Thread 0x00000209108ae7a0 flushing  nmethod 0x0000020909cc9c90
Event: 61995.948 Thread 0x00000209108ae7a0 flushing  nmethod 0x000002090a046110
Event: 61995.948 Thread 0x00000209108ae7a0 flushing  nmethod 0x000002090a11a010
Event: 61995.948 Thread 0x00000209108ae7a0 flushing  nmethod 0x000002090a11b410

Events (20 events):
Event: 61810.458 Thread 0x00000209565ef950 Thread added: 0x0000020957cb3300
Event: 61813.377 Thread 0x00000209565ef950 Thread added: 0x0000020957caf7f0
Event: 61813.384 Thread 0x0000020957caf7f0 Thread added: 0x0000020957cb0510
Event: 61813.393 Thread 0x0000020957cb3300 Thread added: 0x0000020957caddb0
Event: 61813.418 Thread 0x00000209565ef950 Thread added: 0x0000020957cafe80
Event: 61831.965 Thread 0x00000209108d4d90 Thread added: 0x0000020958799500
Event: 61831.966 Thread 0x00000209108d4d90 Thread added: 0x0000020957ca5190
Event: 61831.967 Thread 0x00000209108d4d90 Thread added: 0x00000209562617a0
Event: 61837.338 Thread 0x00000209562617a0 Thread exited: 0x00000209562617a0
Event: 61841.129 Thread 0x0000020957ca5190 Thread exited: 0x0000020957ca5190
Event: 61851.170 Thread 0x0000020958799500 Thread exited: 0x0000020958799500
Event: 61857.846 Thread 0x00000209108d4d90 Thread added: 0x0000020958799500
Event: 61863.183 Thread 0x0000020958799500 Thread exited: 0x0000020958799500
Event: 61886.166 Thread 0x00000209108d4d90 Thread added: 0x0000020958799500
Event: 61890.666 Thread 0x0000020958799500 Thread exited: 0x0000020958799500
Event: 61917.755 Thread 0x0000020957cafe80 Thread exited: 0x0000020957cafe80
Event: 62000.642 Thread 0x0000020957caf7f0 Thread exited: 0x0000020957caf7f0
Event: 62000.657 Thread 0x0000020957cb3300 Thread exited: 0x0000020957cb3300
Event: 62000.981 Thread 0x0000020957caddb0 Thread exited: 0x0000020957caddb0
Event: 62017.117 Thread 0x0000020957cb0510 Thread exited: 0x0000020957cb0510


Dynamic libraries:
0x00007ff7a6d50000 - 0x00007ff7a6d5e000 	c:\Users\MyBook Hype AMD\.vscode\extensions\redhat.java-1.42.0-win32-x64\jre\21.0.7-win32-x86_64\bin\java.exe
0x00007ffc8c0d0000 - 0x00007ffc8c2e7000 	C:\Windows\SYSTEM32\ntdll.dll
0x00007ffc8af60000 - 0x00007ffc8b024000 	C:\Windows\System32\KERNEL32.DLL
0x00007ffc89980000 - 0x00007ffc89d53000 	C:\Windows\System32\KERNELBASE.dll
0x00007ffc89490000 - 0x00007ffc895a1000 	C:\Windows\System32\ucrtbase.dll
0x00007ffc84880000 - 0x00007ffc8489e000 	c:\Users\MyBook Hype AMD\.vscode\extensions\redhat.java-1.42.0-win32-x64\jre\21.0.7-win32-x86_64\bin\VCRUNTIME140.dll
0x00007ffc3c6a0000 - 0x00007ffc3c6b8000 	c:\Users\MyBook Hype AMD\.vscode\extensions\redhat.java-1.42.0-win32-x64\jre\21.0.7-win32-x86_64\bin\jli.dll
0x00007ffc8bc90000 - 0x00007ffc8be41000 	C:\Windows\System32\USER32.dll
0x00007ffc78d90000 - 0x00007ffc7902b000 	C:\Windows\WinSxS\amd64_microsoft.windows.common-controls_6595b64144ccf1df_6.0.22621.5262_none_2712bde373830908\COMCTL32.dll
0x00007ffc895b0000 - 0x00007ffc895d6000 	C:\Windows\System32\win32u.dll
0x00007ffc8b7e0000 - 0x00007ffc8b887000 	C:\Windows\System32\msvcrt.dll
0x00007ffc8b730000 - 0x00007ffc8b759000 	C:\Windows\System32\GDI32.dll
0x00007ffc891c0000 - 0x00007ffc892e2000 	C:\Windows\System32\gdi32full.dll
0x00007ffc892f0000 - 0x00007ffc8938a000 	C:\Windows\System32\msvcp_win.dll
0x00007ffc89f30000 - 0x00007ffc89f61000 	C:\Windows\System32\IMM32.DLL
0x00007ffc85690000 - 0x00007ffc8569c000 	c:\Users\MyBook Hype AMD\.vscode\extensions\redhat.java-1.42.0-win32-x64\jre\21.0.7-win32-x86_64\bin\vcruntime140_1.dll
0x00007ffbf6f10000 - 0x00007ffbf6f9d000 	c:\Users\MyBook Hype AMD\.vscode\extensions\redhat.java-1.42.0-win32-x64\jre\21.0.7-win32-x86_64\bin\msvcp140.dll
0x00007ffbd83a0000 - 0x00007ffbd9130000 	c:\Users\MyBook Hype AMD\.vscode\extensions\redhat.java-1.42.0-win32-x64\jre\21.0.7-win32-x86_64\bin\server\jvm.dll
0x00007ffc8b030000 - 0x00007ffc8b0e1000 	C:\Windows\System32\ADVAPI32.dll
0x00007ffc8be50000 - 0x00007ffc8bef7000 	C:\Windows\System32\sechost.dll
0x00007ffc895e0000 - 0x00007ffc89608000 	C:\Windows\System32\bcrypt.dll
0x00007ffc8b0f0000 - 0x00007ffc8b204000 	C:\Windows\System32\RPCRT4.dll
0x00007ffc8b210000 - 0x00007ffc8b281000 	C:\Windows\System32\WS2_32.dll
0x00007ffc85030000 - 0x00007ffc85064000 	C:\Windows\SYSTEM32\WINMM.dll
0x00007ffc81b00000 - 0x00007ffc81b0a000 	C:\Windows\SYSTEM32\VERSION.dll
0x00007ffc88ee0000 - 0x00007ffc88f2d000 	C:\Windows\SYSTEM32\POWRPROF.dll
0x00007ffc88ec0000 - 0x00007ffc88ed3000 	C:\Windows\SYSTEM32\UMPDC.dll
0x00007ffc881c0000 - 0x00007ffc881d8000 	C:\Windows\SYSTEM32\kernel.appcore.dll
0x00007ffc58e10000 - 0x00007ffc58e1a000 	c:\Users\MyBook Hype AMD\.vscode\extensions\redhat.java-1.42.0-win32-x64\jre\21.0.7-win32-x86_64\bin\jimage.dll
0x00007ffc83980000 - 0x00007ffc83bb2000 	C:\Windows\SYSTEM32\DBGHELP.DLL
0x00007ffc8ab30000 - 0x00007ffc8aec3000 	C:\Windows\System32\combase.dll
0x00007ffc89fe0000 - 0x00007ffc8a0b7000 	C:\Windows\System32\OLEAUT32.dll
0x00007ffc7a930000 - 0x00007ffc7a962000 	C:\Windows\SYSTEM32\dbgcore.DLL
0x00007ffc89410000 - 0x00007ffc8948b000 	C:\Windows\System32\bcryptPrimitives.dll
0x00007ffc3c680000 - 0x00007ffc3c69f000 	c:\Users\MyBook Hype AMD\.vscode\extensions\redhat.java-1.42.0-win32-x64\jre\21.0.7-win32-x86_64\bin\java.dll
0x00007ffc8a130000 - 0x00007ffc8a9cd000 	C:\Windows\System32\SHELL32.dll
0x00007ffc89840000 - 0x00007ffc8997f000 	C:\Windows\System32\wintypes.dll
0x00007ffc870b0000 - 0x00007ffc879cd000 	C:\Windows\SYSTEM32\windows.storage.dll
0x00007ffc89d60000 - 0x00007ffc89e6b000 	C:\Windows\System32\SHCORE.dll
0x00007ffc8b890000 - 0x00007ffc8b8f6000 	C:\Windows\System32\shlwapi.dll
0x00007ffc890f0000 - 0x00007ffc8911b000 	C:\Windows\SYSTEM32\profapi.dll
0x00007ffc3ba30000 - 0x00007ffc3ba48000 	c:\Users\MyBook Hype AMD\.vscode\extensions\redhat.java-1.42.0-win32-x64\jre\21.0.7-win32-x86_64\bin\zip.dll
0x00007ffc4b5a0000 - 0x00007ffc4b5b0000 	C:\Users\MyBook Hype AMD\.vscode\extensions\redhat.java-1.42.0-win32-x64\jre\21.0.7-win32-x86_64\bin\net.dll
0x00007ffc853b0000 - 0x00007ffc854dc000 	C:\Windows\SYSTEM32\WINHTTP.dll
0x00007ffc88630000 - 0x00007ffc8869a000 	C:\Windows\system32\mswsock.dll
0x00007ffc35100000 - 0x00007ffc35116000 	C:\Users\MyBook Hype AMD\.vscode\extensions\redhat.java-1.42.0-win32-x64\jre\21.0.7-win32-x86_64\bin\nio.dll
0x00007ffc4aa50000 - 0x00007ffc4aa60000 	c:\Users\MyBook Hype AMD\.vscode\extensions\redhat.java-1.42.0-win32-x64\jre\21.0.7-win32-x86_64\bin\verify.dll
0x00007ffc88980000 - 0x00007ffc8899b000 	C:\Windows\SYSTEM32\CRYPTSP.dll
0x00007ffc88120000 - 0x00007ffc88157000 	C:\Windows\system32\rsaenh.dll
0x00007ffc886d0000 - 0x00007ffc886f8000 	C:\Windows\SYSTEM32\USERENV.dll
0x00007ffc88960000 - 0x00007ffc8896c000 	C:\Windows\SYSTEM32\CRYPTBASE.dll
0x00007ffc87c30000 - 0x00007ffc87c5d000 	C:\Windows\SYSTEM32\IPHLPAPI.DLL
0x00007ffc8b7d0000 - 0x00007ffc8b7d9000 	C:\Windows\System32\NSI.dll
0x00007ffc4a7b0000 - 0x00007ffc4a7ba000 	C:\Users\MyBook Hype AMD\.vscode\extensions\redhat.java-1.42.0-win32-x64\jre\21.0.7-win32-x86_64\bin\management.dll
0x00007ffc49ae0000 - 0x00007ffc49aeb000 	C:\Users\MyBook Hype AMD\.vscode\extensions\redhat.java-1.42.0-win32-x64\jre\21.0.7-win32-x86_64\bin\management_ext.dll
0x00007ffc89e70000 - 0x00007ffc89e78000 	C:\Windows\System32\PSAPI.DLL
0x00007ffc84a60000 - 0x00007ffc84a6e000 	C:\Users\MyBook Hype AMD\.vscode\extensions\redhat.java-1.42.0-win32-x64\jre\21.0.7-win32-x86_64\bin\sunmscapi.dll
0x00007ffc89610000 - 0x00007ffc89777000 	C:\Windows\System32\CRYPT32.dll
0x00007ffc88a90000 - 0x00007ffc88abd000 	C:\Windows\SYSTEM32\ncrypt.dll
0x00007ffc88a50000 - 0x00007ffc88a87000 	C:\Windows\SYSTEM32\NTASN1.dll
0x00007ffc87ca0000 - 0x00007ffc87d98000 	C:\Windows\SYSTEM32\DNSAPI.dll
0x00007ffc7ba10000 - 0x00007ffc7ba1a000 	C:\Windows\System32\rasadhlp.dll
0x00007ffc84cc0000 - 0x00007ffc84d43000 	C:\Windows\System32\fwpuclnt.dll
0x00007ffc849b0000 - 0x00007ffc849b9000 	C:\Users\MyBook Hype AMD\.vscode\extensions\redhat.java-1.42.0-win32-x64\jre\21.0.7-win32-x86_64\bin\extnet.dll

dbghelp: loaded successfully - version: 4.0.5 - missing functions: none
symbol engine: initialized successfully - sym options: 0x614 - pdb path: .;c:\Users\MyBook Hype AMD\.vscode\extensions\redhat.java-1.42.0-win32-x64\jre\21.0.7-win32-x86_64\bin;C:\Windows\SYSTEM32;C:\Windows\WinSxS\amd64_microsoft.windows.common-controls_6595b64144ccf1df_6.0.22621.5262_none_2712bde373830908;c:\Users\MyBook Hype AMD\.vscode\extensions\redhat.java-1.42.0-win32-x64\jre\21.0.7-win32-x86_64\bin\server

VM Arguments:
jvm_args: -Xmx1024m -Dsts.lsp.client=vscode -Dsts.log.file=/dev/null -XX:TieredStopAtLevel=1 -Xlog:jni+resolve=off -Dspring.config.location=file:c:\Users\MyBook Hype AMD\.vscode\extensions\vmware.vscode-spring-boot-1.56.0\language-server\BOOT-INF\classes\application.properties 
java_command: org.springframework.ide.vscode.boot.app.BootLanguageServerBootApp
java_class_path (initial): c:\Users\MyBook Hype AMD\.vscode\extensions\vmware.vscode-spring-boot-1.56.0\language-server\BOOT-INF\classes;c:\Users\MyBook Hype AMD\.vscode\extensions\vmware.vscode-spring-boot-1.56.0\language-server\BOOT-INF\lib\annotations-24.1.0.jar;c:\Users\MyBook Hype AMD\.vscode\extensions\vmware.vscode-spring-boot-1.56.0\language-server\BOOT-INF\lib\antlr4-runtime-4.13.1.jar;c:\Users\MyBook Hype AMD\.vscode\extensions\vmware.vscode-spring-boot-1.56.0\language-server\BOOT-INF\lib\asm-9.7.jar;c:\Users\MyBook Hype AMD\.vscode\extensions\vmware.vscode-spring-boot-1.56.0\language-server\BOOT-INF\lib\asm-analysis-9.7.jar;c:\Users\MyBook Hype AMD\.vscode\extensions\vmware.vscode-spring-boot-1.56.0\language-server\BOOT-INF\lib\asm-tree-9.7.jar;c:\Users\MyBook Hype AMD\.vscode\extensions\vmware.vscode-spring-boot-1.56.0\language-server\BOOT-INF\lib\asm-util-9.7.jar;c:\Users\MyBook Hype AMD\.vscode\extensions\vmware.vscode-spring-boot-1.56.0\language-server\BOOT-INF\lib\caffeine-3.1.8.jar;c:\Users\MyBook Hype AMD\.vscode\extensions\vmware.vscode-spring-boot-1.56.0\language-server\BOOT-INF\lib\checker-qual-3.12.0.jar;c:\Users\MyBook Hype AMD\.vscode\extensions\vmware.vscode-spring-boot-1.56.0\language-server\BOOT-INF\lib\classgraph-4.8.149.jar;c:\Users\MyBook Hype AMD\.vscode\extensions\vmware.vscode-spring-boot-1.56.0\language-server\BOOT-INF\lib\commons-codec-1.16.1.jar;c:\Users\MyBook Hype AMD\.vscode\extensions\vmware.vscode-spring-boot-1.56.0\language-server\BOOT-INF\lib\commons-compress-1.26.2.jar;c:\Users\MyBook Hype AMD\.vscode\extensions\vmware.vscode-spring-boot-1.56.0\language-server\BOOT-INF\lib\commons-io-2.16.1.jar;c:\Users\MyBook Hype AMD\.vscode\extensions\vmware.vscode-spring-boot-1.56.0\language-server\BOOT-INF\lib\commons-java-1.56.0-SNAPSHOT.jar;c:\Users\MyBook Hype AMD\.vscode\extensions\vmware.vscode-spring-boot-1.56.0\language-server\BOOT-INF\lib\commons-lang3-3.14.0.jar;c:\Users\MyBook Hype AMD\.vscode\extensions\vmware.vscode-spring-boot-1.56.0\language-server\BOOT-INF\lib\commons-language-server-1.56.0-SNAPSHOT.jar;c:\Users\MyBook Hype AMD\.vscode\extensions\vmware.vscode-spring-boot-1.56.0\language-server\BOOT-INF\lib\commons-lsp-extensions-1.56.0-SNAPSHOT.jar;c:\Users\MyBook Hype AMD\.vscode\extensions\vmware.vscode-spring-boot-1.56.0\language-server\BOOT-INF\lib\commons-rewrite-1.56.0-SNAPSHOT.jar;c:\Users\MyBook Hype AMD\.vscode\extensions\vmware.vscode-spring-boot-1.56.0\language-server\BOOT-INF\lib\commons-text-1.12.0.jar;c:\Users\MyBook Hype AMD\.vscode\extensions\vmware.vscode-spring-boot-1.56.0\language-server\BOOT-INF\lib\commons-util-1.56.0-SNAPSHOT.jar;c:\Users\MyBook Hype AMD\.vscode\extensions\vmware.vscode-spring-boot-1.56.0\language-server\BOOT-INF\lib\commons-yaml-1.56.0-SNAPSHOT.jar;c:\Users\MyBook Hype AMD\.vscode\extensions\vmware.vscode-spring-boot-1.56.0\language-server\BOOT-INF\lib\docker-java-api-3.3.6.jar;c:\Users\MyBook Hype AMD\.vscode\extensions\vmware.vscode-spring-boot-1.56.0\language-server\BOOT-INF\lib\docker-java-transport-3.3.6.jar;c:\Users\MyBook Hype AMD\.vscode\extensions\vmware.vscode-spring-boot-1.56.0\language-server\BOOT-INF\lib\docker-java-transport-zerodep-3.3.6.jar;c:\Users\MyBook Hype AMD\.vscode\extensions\vmware.vscode-spring-boot-1.56.0\language-server\BOOT-INF\lib\duct-tape-1.0.8.jar;c:\Users\MyBook Hype AMD\.vscode\extensions\vmware.vscode-spring-boot-1.56.0\language-server\BOOT-INF\lib\ecj-3.38.0.jar;c:\Users\MyBook Hype AMD\.vscode\extensions\vmware.vscode-spring-boot-1.56.0\language-server\BOOT-INF\lib\error_prone_annotations-2.11.0.jar;c:\Users\MyBook Hype AMD\.vscode\extensions\vmware.vscode-spring-boot-1.56.0\language-server\BOOT-INF\lib\failsafe-3.3.2.jar;c:\Users\MyBook Hype AMD\.vscode\extensions\vmware.vscode-spring-boot-1.56.0\language-server\BOOT-INF\lib\failureaccess-1.0.1.jar;c:\Users\MyBook Hype AMD\.vscode\extensions\vmware.vscode-spring-boot-1.56.0\language-server\BOOT-INF\lib\fastfilter-1.0.2.jar;c:\Users\MyBook Hype AMD\.vscode\extensions\vmware.vscode-spring-boot-1.56.0\language-server\BOOT-INF\lib\functionaljava-5.0.jar;c:\Users\MyBook Hype AMD\.vscode\extensions\vmware.vscode-spring-boot-1.56.0\language-server\BOOT-INF\lib\gizmo-1.0.11.Final.jar;c:\Users\MyBook Hype AMD\.vscode\extensions\vmware.vscode-spring-boot-1.56.0\language-server\BOOT-INF\lib\gradle-tooling-api-8.4.jar;c:\Users\MyBook Hype AMD\.vscode\extensions\vmware.vscode-spring-boot-1.56.0\language-server\BOOT-INF\lib\groovy-3.0.22.jar;c:\Users\MyBook Hype AMD\.vscode\extensions\vmware.vscode-spring-boot-1.56.0\language-server\BOOT-INF\lib\gson-2.10.1.jar;c:\Users\MyBook Hype AMD\.vscode\extensions\vmware.vscode-spring-boot-1.56.0\language-server\BOOT-INF\lib\guava-31.1-jre.jar;c:\Users\MyBook Hype AMD\.vscode\extensions\vmware.vscode-spring-boot-1.56.0\language-server\BOOT-INF\lib\hamcrest-2.2.jar;c:\Users\MyBook Hype AMD\.vscode\extensions\vmware.vscode-spring-boot-1.56.0\language-server\BOOT-INF\lib\hamcrest-core-2.2.jar;c:\Users\MyBook Hype AMD\.vscode\extensions\vmware.vscode-spring-boot-1.56.0\language-server\BOOT-INF\lib\HdrHistogram-2.2.2.jar;c:\Users\MyBook Hype AMD\.vscode\extensions\vmware.vscode-spring-boot-1.56.0\language-server\BOOT-INF\lib\isorelax-20030108.jar;c:\Users\MyBook Hype AMD\.vscode\extensions\vmware.vscode-spring-boot-1.56.0\language-server\BOOT-INF\lib\j2objc-annotations-1.3.jar;c:\Users\MyBook Hype AMD\.vscode\extensions\vmware.vscode-spring-boot-1.56.0\language-server\BOOT-INF\lib\jackson-annotations-2.17.1.jar;c:\Users\MyBook Hype AMD\.vscode\extensions\vmware.vscode-spring-boot-1.56.0\language-server\BOOT-INF\lib\jackson-core-2.17.1.jar;c:\Users\MyBook Hype AMD\.vscode\extensions\vmware.vscode-spring-boot-1.56.0\language-server\BOOT-INF\lib\jackson-databind-2.17.1.jar;c:\Users\MyBook Hype AMD\.vscode\extensions\vmware.vscode-spring-boot-1.56.0\language-server\BOOT-INF\lib\jackson-dataformat-csv-2.17.1.jar;c:\Users\MyBook Hype AMD\.vscode\extensions\vmware.vscode-spring-boot-1.56.0\language-server\BOOT-INF\lib\jackson-dataformat-smile-2.17.1.jar;c:\Users\MyBook Hype AMD\.vscode\extensions\vmware.vscode-spring-boot-1.56.0\language-server\BOOT-INF\lib\jackson-dataformat-xml-2.17.1.jar;c:\Users\MyBook Hype AMD\.vscode\extensions\vmware.vscode-spring-boot-1.56.0\language-server\BOOT-INF\lib\jackson-datatype-jdk8-2.17.1.jar;c:\Users\MyBook Hype AMD\.vscode\extensions\vmware.vscode-spring-boot-1.56.0\language-server\BOOT-INF\lib\jackson-datatype-jsr310-2.17.1.jar;c:\Users\MyBook Hype AMD\.vscode\extensions\vmware.vscode-spring-boot-1.56.0\language-server\BOOT-INF\lib\jackson-module-jaxb-annotations-2.17.1.jar;c:\Users\MyBook Hype AMD\.vscode\extensions\vmware.vscode-spring-boot-1.56.0\language-server\BOOT-INF\lib\jackson-module-parameter-names-2.17.1.jar;c:\Users\MyBook Hype AMD\.vscode\extensions\vmware.vscode-spring-boot-1.56.0\language-server\BOOT-INF\lib\jakarta.activation-api-2.1.3.jar;c:\Users\MyBook Hype AMD\.vscode\extensions\vmware.vscode-spring-boot-1.56.0\language-server\BOOT-INF\lib\jakarta.annotation-api-2.1.1.jar;c:\Users\MyBook Hype AMD\.vscode\extensions\vmware.vscode-spring-boot-1.56.0\language-server\BOOT-INF\lib\jakarta.xml.bind-api-4.0.2.jar;c:\Users\MyBook Hype AMD\.vscode\extensions\vmware.vscode-spring-boot-1.56.0\language-server\BOOT-INF\lib\jandex-3.1.6.jar;c:\Users\MyBook Hype AMD\.vscode\extensions\vmware.vscode-spring-boot-1.56.0\language-server\BOOT-INF\lib\java-object-diff-0.95.jar;c:\Users\MyBook Hype AMD\.vscode\extensions\vmware.vscode-spring-boot-1.56.0\language-server\BOOT-INF\lib\java-object-diff-1.0.1.jar;c:\Users\MyBook Hype AMD\.vscode\extensions\vmware.vscode-spring-boot-1.56.0\language-server\BOOT-INF\lib\java-properties-1.56.0-SNAPSHOT.jar;c:\Users\MyBook Hype AMD\.vscode\extensions\vmware.vscode-spring-boot-1.56.0\language-server\BOOT-INF\lib\JavaEWAH-1.2.3.jar;c:\Users\MyBook Hype AMD\.vscode\extensions\vmware.vscode-spring-boot-1.56.0\language-server\BOOT-INF\lib\javax.activation-api-1.2.0.jar;c:\Users\MyBook Hype AMD\.vscode\extensions\vmware.vscode-spring-boot-1.56.0\language-server\BOOT-INF\lib\javax.inject-1.jar;c:\Users\MyBook Hype AMD\.vscode\extensions\vmware.vscode-spring-boot-1.56.0\language-server\BOOT-INF\lib\javolution-core-java-6.0.0.jar;c:\Users\MyBook Hype AMD\.vscode\extensions\vmware.vscode-spring-boot-1.56.0\language-server\BOOT-INF\lib\jaxb-api-2.3.1.jar;c:\Users\MyBook Hype AMD\.vscode\extensions\vmware.vscode-spring-boot-1.56.0\language-server\BOOT-INF\lib\jgit-1.2.0.jar;c:\Users\MyBook Hype AMD\.vscode\extensions\vmware.vscode-spring-boot-1.56.0\language-server\BOOT-INF\lib\jing-20220510.jar;c:\Users\MyBook Hype AMD\.vscode\extensions\vmware.vscode-spring-boot-1.56.0\language-server\BOOT-INF\lib\jna-5.14.0.jar;c:\Users\MyBook Hype AMD\.vscode\extensions\vmware.vscode-spring-boot-1.56.0\language-server\BOOT-INF\lib\jna-platform-5.14.0.jar;c:\Users\MyBook Hype AMD\.vscode\extensions\vmware.vscode-spring-boot-1.56.0\language-server\BOOT-INF\lib\jpql-1.56.0-SNAPSHOT.jar;c:\Users\MyBook Hype AMD\.vscode\extensions\vmware.vscode-spring-boot-1.56.0\language-server\BOOT-INF\lib\json-20231013.jar;c:\Users\MyBook Hype AMD\.vscode\extensions\vmware.vscode-spring-boot-1.56.0\language-server\BOOT-INF\lib\jsoup-1.14.2.jar;c:\Users\MyBook Hype AMD\.vscode\extensions\vmware.vscode-spring-boot-1.56.0\language-server\BOOT-INF\lib\jsr305-3.0.2.jar;c:\Users\MyBook Hype AMD\.vscode\extensions\vmware.vscode-spring-boot-1.56.0\language-server\BOOT-INF\lib\jul-to-slf4j-2.0.13.jar;c:\Users\MyBook Hype AMD\.vscode\extensions\vmware.vscode-spring-boot-1.56.0\language-server\BOOT-INF\lib\junit-4.13.2.jar;c:\Users\MyBook Hype AMD\.vscode\extensions\vmware.vscode-spring-boot-1.56.0\language-server\BOOT-INF\lib\kotlin-compiler-embeddable-1.9.20.jar;c:\Users\MyBook Hype AMD\.vscode\extensions\vmware.vscode-spring-boot-1.56.0\language-server\BOOT-INF\lib\kotlin-daemon-embeddable-1.9.20.jar;c:\Users\MyBook Hype AMD\.vscode\extensions\vmware.vscode-spring-boot-1.56.0\language-server\BOOT-INF\lib\kotlin-reflect-1.9.20.jar;c:\Users\MyBook Hype AMD\.vscode\extensions\vmware.vscode-spring-boot-1.56.0\language-server\BOOT-INF\lib\kotlin-script-runtime-1.9.20.jar;c:\Users\MyBook Hype AMD\.vscode\extensions\vmware.vscode-spring-boot-1.56.0\language-server\BOOT-INF\lib\kotlin-stdlib-1.9.20.jar;c:\Users\MyBook Hype AMD\.vscode\extensions\vmware.vscode-spring-boot-1.56.0\language-server\BOOT-INF\lib\kotlin-stdlib-common-1.9.20.jar;c:\Users\MyBook Hype AMD\.vscode\extensions\vmware.vscode-spring-boot-1.56.0\language-server\BOOT-INF\lib\kotlin-stdlib-jdk7-1.9.20.jar;c:\Users\MyBook Hype AMD\.vscode\extensions\vmware.vscode-spring-boot-1.56.0\language-server\BOOT-INF\lib\kotlin-stdlib-jdk8-1.9.20.jar;c:\Users\MyBook Hype AMD\.vscode\extensions\vmware.vscode-spring-boot-1.56.0\language-server\BOOT-INF\lib\language-server-starter-1.56.0-SNAPSHOT.jar;c:\Users\MyBook Hype AMD\.vscode\extensions\vmware.vscode-spring-boot-1.56.0\language-server\BOOT-INF\lib\LatencyUtils-2.0.3.jar;c:\Users\MyBook Hype AMD\.vscode\extensions\vmware.vscode-spring-boot-1.56.0\language-server\BOOT-INF\lib\listenablefuture-9999.0-empty-to-avoid-conflict-with-guava.jar;c:\Users\MyBook Hype AMD\.vscode\extensions\vmware.vscode-spring-boot-1.56.0\language-server\BOOT-INF\lib\log4j-api-2.23.1.jar;c:\Users\MyBook Hype AMD\.vscode\extensions\vmware.vscode-spring-boot-1.56.0\language-server\BOOT-INF\lib\log4j-to-slf4j-2.23.1.jar;c:\Users\MyBook Hype AMD\.vscode\extensions\vmware.vscode-spring-boot-1.56.0\language-server\BOOT-INF\lib\logback-classic-1.5.6.jar;c:\Users\MyBook Hype AMD\.vscode\extensions\vmware.vscode-spring-boot-1.56.0\language-server\BOOT-INF\lib\logback-core-1.5.6.jar;c:\Users\MyBook Hype AMD\.vscode\extensions\vmware.vscode-spring-boot-1.56.0\language-server\BOOT-INF\lib\micrometer-commons-1.13.1.jar;c:\Users\MyBook Hype AMD\.vscode\extensions\vmware.vscode-spring-boot-1.56.0\language-server\BOOT-INF\lib\micrometer-core-1.13.1.jar;c:\Users\MyBook Hype AMD\.vscode\extensions\vmware.vscode-spring-boot-1.56.0\language-server\BOOT-INF\lib\micrometer-observation-1.13.1.jar;c:\Users\MyBook Hype AMD\.vscode\extensions\vmware.vscode-spring-boot-1.56.0\language-server\BOOT-INF\lib\model-2.3.1.jar;c:\Users\MyBook Hype AMD\.vscode\extensions\vmware.vscode-spring-boot-1.56.0\language-server\BOOT-INF\lib\okhttp-4.12.0.jar;c:\Users\MyBook Hype AMD\.vscode\extensions\vmware.vscode-spring-boot-1.56.0\language-server\BOOT-INF\lib\okio-3.6.0.jar;c:\Users\MyBook Hype AMD\.vscode\extensions\vmware.vscode-spring-boot-1.56.0\language-server\BOOT-INF\lib\okio-jvm-3.6.0.jar;c:\Users\MyBook Hype AMD\.vscode\extensions\vmware.vscode-spring-boot-1.56.0\language-server\BOOT-INF\lib\org.eclipse.core.commands-3.12.100.jar;c:\Users\MyBook Hype AMD\.vscode\extensions\vmware.vscode-spring-boot-1.56.0\language-server\BOOT-INF\lib\org.eclipse.core.contenttype-3.9.400.jar;c:\Users\MyBook Hype AMD\.vscode\extensions\vmware.vscode-spring-boot-1.56.0\language-server\BOOT-INF\lib\org.eclipse.core.expressions-3.9.400.jar;c:\Users\MyBook Hype AMD\.vscode\extensions\vmware.vscode-spring-boot-1.56.0\language-server\BOOT-INF\lib\org.eclipse.core.filesystem-1.10.400.jar;c:\Users\MyBook Hype AMD\.vscode\extensions\vmware.vscode-spring-boot-1.56.0\language-server\BOOT-INF\lib\org.eclipse.core.jobs-3.15.300.jar;c:\Users\MyBook Hype AMD\.vscode\extensions\vmware.vscode-spring-boot-1.56.0\language-server\BOOT-INF\lib\org.eclipse.core.resources-3.20.200.jar;c:\Users\MyBook Hype AMD\.vscode\extensions\vmware.vscode-spring-boot-1.56.0\language-server\BOOT-INF\lib\org.eclipse.core.runtime-3.31.100.jar;c:\Users\MyBook Hype AMD\.vscode\extensions\vmware.vscode-spring-boot-1.56.0\language-server\BOOT-INF\lib\org.eclipse.equinox.app-1.7.100.jar;c:\Users\MyBook Hype AMD\.vscode\extensions\vmware.vscode-spring-boot-1.56.0\language-server\BOOT-INF\lib\org.eclipse.equinox.common-3.19.100.jar;c:\Users\MyBook Hype AMD\.vscode\extensions\vmware.vscode-spring-boot-1.56.0\language-server\BOOT-INF\lib\org.eclipse.equinox.preferences-3.10.1.jar;c:\Users\MyBook Hype AMD\.vscode\extensions\vmware.vscode-spring-boot-1.56.0\language-server\BOOT-INF\lib\org.eclipse.equinox.registry-3.12.100.jar;c:\Users\MyBook Hype AMD\.vscode\extensions\vmware.vscode-spring-boot-1.56.0\language-server\BOOT-INF\lib\org.eclipse.jdt.core-3.38.0.jar;c:\Users\MyBook Hype AMD\.vscode\extensions\vmware.vscode-spring-boot-1.56.0\language-server\BOOT-INF\lib\org.eclipse.jgit-6.9.0.202403050737-r.jar;c:\Users\MyBook Hype AMD\.vscode\extensions\vmware.vscode-spring-boot-1.56.0\language-server\BOOT-INF\lib\org.eclipse.lemminx-0.24.0.jar;c:\Users\MyBook Hype AMD\.vscode\extensions\vmware.vscode-spring-boot-1.56.0\language-server\BOOT-INF\lib\org.eclipse.lsp4j-0.19.0.jar;c:\Users\MyBook Hype AMD\.vscode\extensions\vmware.vscode-spring-boot-1.56.0\language-server\BOOT-INF\lib\org.eclipse.lsp4j.generator-0.19.0.jar;c:\Users\MyBook Hype AMD\.vscode\extensions\vmware.vscode-spring-boot-1.56.0\language-server\BOOT-INF\lib\org.eclipse.lsp4j.jsonrpc-0.19.0.jar;c:\Users\MyBook Hype AMD\.vscode\extensions\vmware.vscode-spring-boot-1.56.0\language-server\BOOT-INF\lib\org.eclipse.osgi-3.20.0.jar;c:\Users\MyBook Hype AMD\.vscode\extensions\vmware.vscode-spring-boot-1.56.0\language-server\BOOT-INF\lib\org.eclipse.text-3.14.100.jar;c:\Users\MyBook Hype AMD\.vscode\extensions\vmware.vscode-spring-boot-1.56.0\language-server\BOOT-INF\lib\org.eclipse.xtend.lib-2.28.0.jar;c:\Users\MyBook Hype AMD\.vscode\extensions\vmware.vscode-spring-boot-1.56.0\language-server\BOOT-INF\lib\org.eclipse.xtend.lib.macro-2.28.0.jar;c:\Users\MyBook Hype AMD\.vscode\extensions\vmware.vscode-spring-boot-1.56.0\language-server\BOOT-INF\lib\org.eclipse.xtext.xbase.lib-2.28.0.jar;c:\Users\MyBook Hype AMD\.vscode\extensions\vmware.vscode-spring-boot-1.56.0\language-server\BOOT-INF\lib\org.json-1.0.0-SNAPSHOT.jar;c:\Users\MyBook Hype AMD\.vscode\extensions\vmware.vscode-spring-boot-1.56.0\language-server\BOOT-INF\lib\org.osgi.service.prefs-1.1.2.jar;c:\Users\MyBook Hype AMD\.vscode\extensions\vmware.vscode-spring-boot-1.56.0\language-server\BOOT-INF\lib\osgi.annotation-8.1.0.jar;c:\Users\MyBook Hype AMD\.vscode\extensions\vmware.vscode-spring-boot-1.56.0\language-server\BOOT-INF\lib\reactive-streams-1.0.4.jar;c:\Users\MyBook Hype AMD\.vscode\extensions\vmware.vscode-spring-boot-1.56.0\language-server\BOOT-INF\lib\reactor-core-3.6.7.jar;c:\Users\MyBook Hype AMD\.vscode\extensions\vmware.vscode-spring-boot-1.56.0\language-server\BOOT-INF\lib\remark-1.0.0.jar;c:\Users\MyBook Hype AMD\.vscode\extensions\vmware.vscode-spring-boot-1.56.0\language-server\BOOT-INF\lib\rewrite-analysis-2.9.2.jar;c:\Users\MyBook Hype AMD\.vscode\extensions\vmware.vscode-spring-boot-1.56.0\language-server\BOOT-INF\lib\rewrite-core-8.29.0.jar;c:\Users\MyBook Hype AMD\.vscode\extensions\vmware.vscode-spring-boot-1.56.0\language-server\BOOT-INF\lib\rewrite-github-actions-2.6.2.jar;c:\Users\MyBook Hype AMD\.vscode\extensions\vmware.vscode-spring-boot-1.56.0\language-server\BOOT-INF\lib\rewrite-gradle-8.29.0.jar;c:\Users\MyBook Hype AMD\.vscode\extensions\vmware.vscode-spring-boot-1.56.0\language-server\BOOT-INF\lib\rewrite-groovy-8.29.0.jar;c:\Users\MyBook Hype AMD\.vscode\extensions\vmware.vscode-spring-boot-1.56.0\language-server\BOOT-INF\lib\rewrite-hibernate-1.8.0.jar;c:\Users\MyBook Hype AMD\.vscode\extensions\vmware.vscode-spring-boot-1.56.0\language-server\BOOT-INF\lib\rewrite-java-11-8.29.0.jar;c:\Users\MyBook Hype AMD\.vscode\extensions\vmware.vscode-spring-boot-1.56.0\language-server\BOOT-INF\lib\rewrite-java-17-8.29.0.jar;c:\Users\MyBook Hype AMD\.vscode\extensions\vmware.vscode-spring-boot-1.56.0\language-server\BOOT-INF\lib\rewrite-java-21-8.29.0.jar;c:\Users\MyBook Hype AMD\.vscode\extensions\vmware.vscode-spring-boot-1.56.0\language-server\BOOT-INF\lib\rewrite-java-8-8.29.0.jar;c:\Users\MyBook Hype AMD\.vscode\extensions\vmware.vscode-spring-boot-1.56.0\language-server\BOOT-INF\lib\rewrite-java-8.29.0.jar;c:\Users\MyBook Hype AMD\.vscode\extensions\vmware.vscode-spring-boot-1.56.0\language-server\BOOT-INF\lib\rewrite-java-dependencies-1.12.0.jar;c:\Users\MyBook Hype AMD\.vscode\extensions\vmware.vscode-spring-boot-1.56.0\language-server\BOOT-INF\lib\rewrite-jenkins-0.8.2.jar;c:\Users\MyBook Hype AMD\.vscode\extensions\vmware.vscode-spring-boot-1.56.0\language-server\BOOT-INF\lib\rewrite-kotlin-1.18.2.jar;c:\Users\MyBook Hype AMD\.vscode\extensions\vmware.vscode-spring-boot-1.56.0\language-server\BOOT-INF\lib\rewrite-maven-8.29.0.jar;c:\Users\MyBook Hype AMD\.vscode\extensions\vmware.vscode-spring-boot-1.56.0\language-server\BOOT-INF\lib\rewrite-migrate-java-2.19.0.jar;c:\Users\MyBook Hype AMD\.vscode\extensions\vmware.vscode-spring-boot-1.56.0\language-server\BOOT-INF\lib\rewrite-openapi-0.5.2.jar;c:\Users\MyBook Hype AMD\.vscode\extensions\vmware.vscode-spring-boot-1.56.0\language-server\BOOT-INF\lib\rewrite-properties-8.29.0.jar;c:\Users\MyBook Hype AMD\.vscode\extensions\vmware.vscode-spring-boot-1.56.0\language-server\BOOT-INF\lib\rewrite-spring-5.14.0.jar;c:\Users\MyBook Hype AMD\.vscode\extensions\vmware.vscode-spring-boot-1.56.0\language-server\BOOT-INF\lib\rewrite-static-analysis-1.11.0.jar;c:\Users\MyBook Hype AMD\.vscode\extensions\vmware.vscode-spring-boot-1.56.0\language-server\BOOT-INF\lib\rewrite-templating-1.11.2.jar;c:\Users\MyBook Hype AMD\.vscode\extensions\vmware.vscode-spring-boot-1.56.0\language-server\BOOT-INF\lib\rewrite-testing-frameworks-2.13.0.jar;c:\Users\MyBook Hype AMD\.vscode\extensions\vmware.vscode-spring-boot-1.56.0\language-server\BOOT-INF\lib\rewrite-xml-8.29.0.jar;c:\Users\MyBook Hype AMD\.vscode\extensions\vmware.vscode-spring-boot-1.56.0\language-server\BOOT-INF\lib\rewrite-yaml-8.29.0.jar;c:\Users\MyBook Hype AMD\.vscode\extensions\vmware.vscode-spring-boot-1.56.0\language-server\BOOT-INF\lib\slf4j-api-2.0.13.jar;c:\Users\MyBook Hype AMD\.vscode\extensions\vmware.vscode-spring-boot-1.56.0\language-server\BOOT-INF\lib\snakeyaml-2.2.jar;c:\Users\MyBook Hype AMD\.vscode\extensions\vmware.vscode-spring-boot-1.56.0\language-server\BOOT-INF\lib\snappy-java-1.1.10.5.jar;c:\Users\MyBook Hype AMD\.vscode\extensions\vmware.vscode-spring-boot-1.56.0\language-server\BOOT-INF\lib\spring-aop-6.1.10.jar;c:\Users\MyBook Hype AMD\.vscode\extensions\vmware.vscode-spring-boot-1.56.0\language-server\BOOT-INF\lib\spring-beans-6.1.10.jar;c:\Users\MyBook Hype AMD\.vscode\extensions\vmware.vscode-spring-boot-1.56.0\language-server\BOOT-INF\lib\spring-boot-3.3.1.jar;c:\Users\MyBook Hype AMD\.vscode\extensions\vmware.vscode-spring-boot-1.56.0\language-server\BOOT-INF\lib\spring-boot-autoconfigure-3.3.1.jar;c:\Users\MyBook Hype AMD\.vscode\extensions\vmware.vscode-spring-boot-1.56.0\language-server\BOOT-INF\lib\spring-boot-jarmode-tools-3.3.1.jar;c:\Users\MyBook Hype AMD\.vscode\extensions\vmware.vscode-spring-boot-1.56.0\language-server\BOOT-INF\lib\spring-context-6.1.10.jar;c:\Users\MyBook Hype AMD\.vscode\extensions\vmware.vscode-spring-boot-1.56.0\language-server\BOOT-INF\lib\spring-context-indexer-6.1.10.jar;c:\Users\MyBook Hype AMD\.vscode\extensions\vmware.vscode-spring-boot-1.56.0\language-server\BOOT-INF\lib\spring-core-6.1.10.jar;c:\Users\MyBook Hype AMD\.vscode\extensions\vmware.vscode-spring-boot-1.56.0\language-server\BOOT-INF\lib\spring-expression-6.1.10.jar;c:\Users\MyBook Hype AMD\.vscode\extensions\vmware.vscode-spring-boot-1.56.0\language-server\BOOT-INF\lib\spring-jcl-6.1.10.jar;c:\Users\MyBook Hype AMD\.vscode\extensions\vmware.vscode-spring-boot-1.56.0\language-server\BOOT-INF\lib\spring-web-6.1.10.jar;c:\Users\MyBook Hype AMD\.vscode\extensions\vmware.vscode-spring-boot-1.56.0\language-server\BOOT-INF\lib\stax2-api-4.2.2.jar;c:\Users\MyBook Hype AMD\.vscode\extensions\vmware.vscode-spring-boot-1.56.0\language-server\BOOT-INF\lib\testcontainers-1.19.8.jar;c:\Users\MyBook Hype AMD\.vscode\extensions\vmware.vscode-spring-boot-1.56.0\language-server\BOOT-INF\lib\trove4j-1.0.20200330.jar;c:\Users\MyBook Hype AMD\.vscode\extensions\vmware.vscode-spring-boot-1.56.0\language-server\BOOT-INF\lib\woodstox-core-6.6.2.jar;c:\Users\MyBook Hype AMD\.vscode\extensions\vmware.vscode-spring-boot-1.56.0\language-server\BOOT-INF\lib\xercesImpl-2.12.2.jar;c:\Users\MyBook Hype AMD\.vscode\extensions\vmware.vscode-spring-boot-1.56.0\language-server\BOOT-INF\lib\xml-apis-1.4.01.jar;c:\Users\MyBook Hype AMD\.vscode\extensions\vmware.vscode-spring-boot-1.56.0\language-server\BOOT-INF\lib\xml-resolver-1.2.jar
Launcher Type: SUN_STANDARD

[Global flags]
     intx CICompilerCount                          = 4                                         {product} {ergonomic}
     uint ConcGCThreads                            = 3                                         {product} {ergonomic}
     uint G1ConcRefinementThreads                  = 10                                        {product} {ergonomic}
   size_t G1HeapRegionSize                         = 1048576                                   {product} {ergonomic}
    uintx GCDrainStackTargetSize                   = 64                                        {product} {ergonomic}
   size_t InitialHeapSize                          = 125829120                                 {product} {ergonomic}
   size_t MarkStackSize                            = 4194304                                   {product} {ergonomic}
   size_t MaxHeapSize                              = 1073741824                                {product} {command line}
   size_t MaxNewSize                               = 643825664                                 {product} {ergonomic}
   size_t MinHeapDeltaBytes                        = 1048576                                   {product} {ergonomic}
   size_t MinHeapSize                              = 8388608                                   {product} {ergonomic}
    uintx NonNMethodCodeHeapSize                   = 4096                                   {pd product} {ergonomic}
    uintx NonProfiledCodeHeapSize                  = 0                                      {pd product} {ergonomic}
     bool ProfileInterpreter                       = false                                  {pd product} {command line}
    uintx ProfiledCodeHeapSize                     = 0                                      {pd product} {ergonomic}
   size_t SoftMaxHeapSize                          = 1073741824                             {manageable} {ergonomic}
     intx TieredStopAtLevel                        = 1                                         {product} {command line}
     bool UseCompressedOops                        = true                           {product lp64_product} {ergonomic}
     bool UseG1GC                                  = true                                      {product} {ergonomic}
     bool UseLargePagesIndividualAllocation        = false                                  {pd product} {ergonomic}

Logging:
Log output configuration:
 #0: stdout all=warning,jni+resolve=off uptime,level,tags foldmultilines=false
 #1: stderr all=off uptime,level,tags foldmultilines=false

Environment Variables:
JAVA_HOME=C:\Program Files\Java\jdk-17
PATH=C:\Program Files\Common Files\Oracle\Java\javapath;C:\Windows\system32;C:\Windows;C:\Windows\System32\Wbem;C:\Windows\System32\WindowsPowerShell\v1.0\;C:\Windows\System32\OpenSSH\;C:\Program Files\Git\cmd;C:\Program Files\nodejs\;C:\hugo;C:\Users\MyBook Hype AMD\AppData\Local\pnpm;C:\Users\MyBook Hype AMD\AppData\Local\Microsoft\WindowsApps;E:\VSCode-win32-x64-1.89.1\bin;C:\Users\MyBook Hype AMD\AppData\Roaming\npm;C:\Program Files\Java\jdk-17;C:\hugo;C:\Users\MyBook Hype AMD\AppData\Roaming\Composer\vendor\bin;C:\php-8.2.24-Win32-vs16-x64;C:\Users\MyBook Hype AMD\AppData\Local\ComposerSetup\bin;C:\mingw64\bin;C:\Program Files\JetBrains\IntelliJ IDEA 2024.2.3\bin;;C:\Users\MyBook Hype AMD\AppData\Local\Android\Sdk;C:\Users\MyBook Hype AMD\AppData\Local\Android\Sdk\platform-tools;E:\flutter\flutter\bin;C:\ffmpeg\bin;
USERNAME=MyBook Hype AMD
OS=Windows_NT
PROCESSOR_IDENTIFIER=AMD64 Family 23 Model 104 Stepping 1, AuthenticAMD
TMP=C:\Users\MYBOOK~1\AppData\Local\Temp
TEMP=C:\Users\MYBOOK~1\AppData\Local\Temp




Periodic native trim disabled

---------------  S Y S T E M  ---------------

OS:
 Windows 11 , 64 bit Build 22621 (10.0.22621.5262)
OS uptime: 0 days 17:56 hours
Hyper-V role detected

CPU: total 12 (initial active 12) (12 cores per cpu, 2 threads per core) family 23 model 104 stepping 1 microcode 0x0, cx8, cmov, fxsr, ht, mmx, 3dnowpref, sse, sse2, sse3, ssse3, sse4a, sse4.1, sse4.2, popcnt, lzcnt, tsc, tscinvbit, avx, avx2, aes, clmul, bmi1, bmi2, adx, sha, fma, vzeroupper, clflush, clflushopt, hv, rdtscp, rdpid, f16c
Processor Information for processor 0
  Max Mhz: 2100, Current Mhz: 2100, Mhz Limit: 2100
Processor Information for processor 1
  Max Mhz: 2100, Current Mhz: 2100, Mhz Limit: 2100
Processor Information for processor 2
  Max Mhz: 2100, Current Mhz: 2100, Mhz Limit: 2100
Processor Information for processor 3
  Max Mhz: 2100, Current Mhz: 2100, Mhz Limit: 2100
Processor Information for processor 4
  Max Mhz: 2100, Current Mhz: 2100, Mhz Limit: 2100
Processor Information for processor 5
  Max Mhz: 2100, Current Mhz: 2100, Mhz Limit: 2100
Processor Information for processor 6
  Max Mhz: 2100, Current Mhz: 2100, Mhz Limit: 2100
Processor Information for processor 7
  Max Mhz: 2100, Current Mhz: 2100, Mhz Limit: 2100
Processor Information for processor 8
  Max Mhz: 2100, Current Mhz: 1813, Mhz Limit: 2100
Processor Information for processor 9
  Max Mhz: 2100, Current Mhz: 1813, Mhz Limit: 2100
Processor Information for processor 10
  Max Mhz: 2100, Current Mhz: 1813, Mhz Limit: 2100
Processor Information for processor 11
  Max Mhz: 2100, Current Mhz: 1813, Mhz Limit: 2100

Memory: 4k page, system-wide physical 7560M (402M free)
TotalPageFile size 16935M (AvailPageFile size 6M)
current process WorkingSet (physical memory assigned to process): 189M, peak: 247M
current process commit charge ("private bytes"): 289M, peak: 306M

vm_info: OpenJDK 64-Bit Server VM (21.0.7+6-LTS) for windows-amd64 JRE (21.0.7+6-LTS), built on 2025-04-15T00:00:00Z by "admin" with MS VC++ 17.7 (VS2022)

END.
